{"/home/travis/build/npmtest/node-npmtest-jquery-form/test.js":{"path":"/home/travis/build/npmtest/node-npmtest-jquery-form/test.js","s":{"1":2,"2":2,"3":2,"4":2,"5":2,"6":2,"7":2,"8":1,"9":2,"10":2,"11":1,"12":1,"13":1,"14":1,"15":2,"16":2,"17":2,"18":2,"19":1,"20":1,"21":2,"22":2,"23":2,"24":1,"25":1,"26":1,"27":1,"28":1,"29":1,"30":1,"31":1,"32":1,"33":1,"34":1,"35":1,"36":1,"37":1,"38":1,"39":2,"40":2,"41":1,"42":2,"43":2,"44":1,"45":2,"46":2,"47":1,"48":2,"49":2,"50":1,"51":1,"52":1,"53":1,"54":1},"b":{"1":[2,1,1,1],"2":[1,1,1,1],"3":[1,1],"4":[1,1],"5":[1,1],"6":[1,1],"7":[1,1],"8":[1,1],"9":[1,1],"10":[1,1,1],"11":[1,1],"12":[1,1],"13":[1,1],"14":[1,1],"15":[1,1],"16":[1,1],"17":[1,1]},"f":{"1":2,"2":2,"3":2,"4":2,"5":2,"6":1,"7":1,"8":1,"9":2,"10":2,"11":2,"12":2,"13":1},"fnMap":{"1":{"name":"(anonymous_1)","line":12,"loc":{"start":{"line":12,"column":1},"end":{"line":12,"column":13}}},"2":{"name":"(anonymous_2)","line":19,"loc":{"start":{"line":19,"column":5},"end":{"line":19,"column":17}}},"3":{"name":"(anonymous_3)","line":23,"loc":{"start":{"line":23,"column":24},"end":{"line":23,"column":36}}},"4":{"name":"(anonymous_4)","line":61,"loc":{"start":{"line":61,"column":5},"end":{"line":61,"column":17}}},"5":{"name":"(anonymous_5)","line":82,"loc":{"start":{"line":82,"column":5},"end":{"line":82,"column":17}}},"6":{"name":"(anonymous_6)","line":91,"loc":{"start":{"line":91,"column":77},"end":{"line":94,"column":10}}},"7":{"name":"(anonymous_7)","line":112,"loc":{"start":{"line":112,"column":83},"end":{"line":115,"column":10}},"skip":true},"8":{"name":"(anonymous_8)","line":123,"loc":{"start":{"line":123,"column":77},"end":{"line":126,"column":10}},"skip":true},"9":{"name":"(anonymous_9)","line":139,"loc":{"start":{"line":139,"column":12},"end":{"line":139,"column":40}},"skip":true},"10":{"name":"(anonymous_10)","line":147,"loc":{"start":{"line":147,"column":77},"end":{"line":150,"column":10}},"skip":true},"11":{"name":"(anonymous_11)","line":158,"loc":{"start":{"line":158,"column":83},"end":{"line":161,"column":10}},"skip":true},"12":{"name":"(anonymous_12)","line":169,"loc":{"start":{"line":169,"column":79},"end":{"line":172,"column":10}},"skip":true},"13":{"name":"(anonymous_13)","line":180,"loc":{"start":{"line":180,"column":75},"end":{"line":183,"column":10}},"skip":true}},"statementMap":{"1":{"start":{"line":12,"column":0},"end":{"line":195,"column":5}},"2":{"start":{"line":14,"column":4},"end":{"line":14,"column":14}},"3":{"start":{"line":19,"column":4},"end":{"line":56,"column":9}},"4":{"start":{"line":21,"column":8},"end":{"line":21,"column":19}},"5":{"start":{"line":23,"column":8},"end":{"line":35,"column":13}},"6":{"start":{"line":24,"column":12},"end":{"line":34,"column":13}},"7":{"start":{"line":25,"column":16},"end":{"line":28,"column":30}},"8":{"start":{"line":30,"column":16},"end":{"line":33,"column":27}},"9":{"start":{"line":37,"column":8},"end":{"line":39,"column":21}},"10":{"start":{"line":40,"column":8},"end":{"line":53,"column":9}},"11":{"start":{"line":43,"column":12},"end":{"line":46,"column":14}},"12":{"start":{"line":47,"column":12},"end":{"line":47,"column":18}},"13":{"start":{"line":50,"column":12},"end":{"line":51,"column":33}},"14":{"start":{"line":52,"column":12},"end":{"line":52,"column":18}},"15":{"start":{"line":55,"column":8},"end":{"line":55,"column":35}},"16":{"start":{"line":61,"column":4},"end":{"line":63,"column":9}},"17":{"start":{"line":62,"column":8},"end":{"line":62,"column":15}},"18":{"start":{"line":64,"column":4},"end":{"line":77,"column":5}},"19":{"start":{"line":70,"column":8},"end":{"line":70,"column":14}},"20":{"start":{"line":76,"column":8},"end":{"line":76,"column":14}},"21":{"start":{"line":82,"column":4},"end":{"line":84,"column":9}},"22":{"start":{"line":83,"column":8},"end":{"line":83,"column":15}},"23":{"start":{"line":85,"column":4},"end":{"line":194,"column":5}},"24":{"start":{"line":91,"column":8},"end":{"line":99,"column":10}},"25":{"start":{"line":98,"column":12},"end":{"line":98,"column":35}},"26":{"start":{"line":102,"column":8},"end":{"line":104,"column":63}},"27":{"start":{"line":105,"column":8},"end":{"line":105,"column":14}},"28":{"start":{"line":112,"column":8},"end":{"line":121,"column":10},"skip":true},"29":{"start":{"line":119,"column":12},"end":{"line":119,"column":55},"skip":true},"30":{"start":{"line":120,"column":12},"end":{"line":120,"column":48},"skip":true},"31":{"start":{"line":123,"column":8},"end":{"line":136,"column":10},"skip":true},"32":{"start":{"line":130,"column":12},"end":{"line":130,"column":76},"skip":true},"33":{"start":{"line":131,"column":12},"end":{"line":131,"column":73},"skip":true},"34":{"start":{"line":132,"column":12},"end":{"line":132,"column":74},"skip":true},"35":{"start":{"line":133,"column":12},"end":{"line":133,"column":79},"skip":true},"36":{"start":{"line":134,"column":12},"end":{"line":134,"column":25},"skip":true},"37":{"start":{"line":135,"column":12},"end":{"line":135,"column":45},"skip":true},"38":{"start":{"line":138,"column":8},"end":{"line":145,"column":14},"skip":true},"39":{"start":{"line":143,"column":16},"end":{"line":143,"column":29},"skip":true},"40":{"start":{"line":144,"column":16},"end":{"line":144,"column":55},"skip":true},"41":{"start":{"line":147,"column":8},"end":{"line":156,"column":10},"skip":true},"42":{"start":{"line":154,"column":12},"end":{"line":154,"column":25},"skip":true},"43":{"start":{"line":155,"column":12},"end":{"line":155,"column":45},"skip":true},"44":{"start":{"line":158,"column":8},"end":{"line":167,"column":10},"skip":true},"45":{"start":{"line":165,"column":12},"end":{"line":165,"column":25},"skip":true},"46":{"start":{"line":166,"column":12},"end":{"line":166,"column":48},"skip":true},"47":{"start":{"line":169,"column":8},"end":{"line":178,"column":10},"skip":true},"48":{"start":{"line":176,"column":12},"end":{"line":176,"column":25},"skip":true},"49":{"start":{"line":177,"column":12},"end":{"line":177,"column":46},"skip":true},"50":{"start":{"line":180,"column":8},"end":{"line":189,"column":10},"skip":true},"51":{"start":{"line":187,"column":12},"end":{"line":187,"column":94},"skip":true},"52":{"start":{"line":188,"column":12},"end":{"line":188,"column":48},"skip":true},"53":{"start":{"line":192,"column":8},"end":{"line":192,"column":35},"skip":true},"54":{"start":{"line":193,"column":8},"end":{"line":193,"column":14},"skip":true}},"branchMap":{"1":{"line":25,"type":"binary-expr","locations":[{"start":{"line":25,"column":23},"end":{"line":25,"column":62}},{"start":{"line":26,"column":20},"end":{"line":26,"column":70}},{"start":{"line":27,"column":20},"end":{"line":27,"column":71}},{"start":{"line":28,"column":20},"end":{"line":28,"column":29}}]},"2":{"line":30,"type":"binary-expr","locations":[{"start":{"line":30,"column":23},"end":{"line":30,"column":37}},{"start":{"line":31,"column":20},"end":{"line":31,"column":61}},{"start":{"line":32,"column":20},"end":{"line":32,"column":70}},{"start":{"line":33,"column":20},"end":{"line":33,"column":26}}]},"3":{"line":37,"type":"cond-expr","locations":[{"start":{"line":38,"column":14},"end":{"line":38,"column":20}},{"start":{"line":39,"column":14},"end":{"line":39,"column":20}}]},"4":{"line":40,"type":"switch","locations":[{"start":{"line":42,"column":8},"end":{"line":47,"column":18}},{"start":{"line":49,"column":8},"end":{"line":52,"column":18}}]},"5":{"line":44,"type":"binary-expr","locations":[{"start":{"line":44,"column":16},"end":{"line":44,"column":44}},{"start":{"line":44,"column":48},"end":{"line":44,"column":66}}]},"6":{"line":50,"type":"binary-expr","locations":[{"start":{"line":50,"column":21},"end":{"line":50,"column":49}},{"start":{"line":50,"column":53},"end":{"line":50,"column":72}}]},"7":{"line":64,"type":"switch","locations":[{"start":{"line":69,"column":4},"end":{"line":70,"column":14}},{"start":{"line":75,"column":4},"end":{"line":76,"column":14}}]},"8":{"line":85,"type":"switch","locations":[{"start":{"line":90,"column":4},"end":{"line":105,"column":14}},{"start":{"line":111,"column":4},"end":{"line":193,"column":14},"skip":true}]},"9":{"line":91,"type":"binary-expr","locations":[{"start":{"line":91,"column":42},"end":{"line":91,"column":73}},{"start":{"line":91,"column":77},"end":{"line":99,"column":9}}]},"10":{"line":102,"type":"binary-expr","locations":[{"start":{"line":102,"column":18},"end":{"line":102,"column":32}},{"start":{"line":103,"column":12},"end":{"line":103,"column":53}},{"start":{"line":104,"column":12},"end":{"line":104,"column":61}}]},"11":{"line":112,"type":"binary-expr","locations":[{"start":{"line":112,"column":45},"end":{"line":112,"column":79},"skip":true},{"start":{"line":112,"column":83},"end":{"line":121,"column":9},"skip":true}]},"12":{"line":123,"type":"binary-expr","locations":[{"start":{"line":123,"column":42},"end":{"line":123,"column":73},"skip":true},{"start":{"line":123,"column":77},"end":{"line":136,"column":9},"skip":true}]},"13":{"line":138,"type":"binary-expr","locations":[{"start":{"line":138,"column":48},"end":{"line":138,"column":85},"skip":true},{"start":{"line":139,"column":12},"end":{"line":145,"column":13},"skip":true}]},"14":{"line":147,"type":"binary-expr","locations":[{"start":{"line":147,"column":42},"end":{"line":147,"column":73},"skip":true},{"start":{"line":147,"column":77},"end":{"line":156,"column":9},"skip":true}]},"15":{"line":158,"type":"binary-expr","locations":[{"start":{"line":158,"column":45},"end":{"line":158,"column":79},"skip":true},{"start":{"line":158,"column":83},"end":{"line":167,"column":9},"skip":true}]},"16":{"line":169,"type":"binary-expr","locations":[{"start":{"line":169,"column":43},"end":{"line":169,"column":75},"skip":true},{"start":{"line":169,"column":79},"end":{"line":178,"column":9},"skip":true}]},"17":{"line":180,"type":"binary-expr","locations":[{"start":{"line":180,"column":41},"end":{"line":180,"column":71},"skip":true},{"start":{"line":180,"column":75},"end":{"line":189,"column":9},"skip":true}]}},"code":["/* istanbul instrument in package npmtest_jquery_form */","/*jslint","    bitwise: true,","    browser: true,","    maxerr: 8,","    maxlen: 96,","    node: true,","    nomen: true,","    regexp: true,","    stupid: true","*/","(function () {","    'use strict';","    var local;","","","","    // run shared js-env code - init-before","    (function () {","        // init local","        local = {};","        // init modeJs","        local.modeJs = (function () {","            try {","                return typeof navigator.userAgent === 'string' &&","                    typeof document.querySelector('body') === 'object' &&","                    typeof XMLHttpRequest.prototype.open === 'function' &&","                    'browser';","            } catch (errorCaughtBrowser) {","                return module.exports &&","                    typeof process.versions.node === 'string' &&","                    typeof require('http').createServer === 'function' &&","                    'node';","            }","        }());","        // init global","        local.global = local.modeJs === 'browser'","            ? window","            : global;","        switch (local.modeJs) {","        // re-init local from window.local","        case 'browser':","            local = local.global.utility2.objectSetDefault(","                local.global.utility2_rollup || local.global.local,","                local.global.utility2","            );","            break;","        // re-init local from example.js","        case 'node':","            local = (local.global.utility2_rollup || require('utility2'))","                .requireReadme();","            break;","        }","        // export local","        local.global.local = local;","    }());","","","","    // run shared js-env code - function","    (function () {","        return;","    }());","    switch (local.modeJs) {","","","","    // run browser js-env code - function","    case 'browser':","        break;","","","","    // run node js-env code - function","    case 'node':","        break;","    }","","","","    // run shared js-env code - init-after","    (function () {","        return;","    }());","    switch (local.modeJs) {","","","","    // run browser js-env code - init-after","    case 'browser':","        local.testCase_browser_nullCase = local.testCase_browser_nullCase || function (","            options,","            onError","        ) {","        /*","         * this function will test browsers's null-case handling-behavior-behavior","         */","            onError(null, options);","        };","","        // run tests","        local.nop(local.modeTest &&","            document.querySelector('#testRunButton1') &&","            document.querySelector('#testRunButton1').click());","        break;","","","","    // run node js-env code - init-after","    /* istanbul ignore next */","    case 'node':","        local.testCase_buildApidoc_default = local.testCase_buildApidoc_default || function (","            options,","            onError","        ) {","        /*","         * this function will test buildApidoc's default handling-behavior-behavior","         */","            options = { modulePathList: module.paths };","            local.buildApidoc(options, onError);","        };","","        local.testCase_buildApp_default = local.testCase_buildApp_default || function (","            options,","            onError","        ) {","        /*","         * this function will test buildApp's default handling-behavior-behavior","         */","            local.testCase_buildReadme_default(options, local.onErrorThrow);","            local.testCase_buildLib_default(options, local.onErrorThrow);","            local.testCase_buildTest_default(options, local.onErrorThrow);","            local.testCase_buildCustomOrg_default(options, local.onErrorThrow);","            options = [];","            local.buildApp(options, onError);","        };","","        local.testCase_buildCustomOrg_default = local.testCase_buildCustomOrg_default ||","            function (options, onError) {","            /*","             * this function will test buildCustomOrg's default handling-behavior","             */","                options = {};","                local.buildCustomOrg(options, onError);","            };","","        local.testCase_buildLib_default = local.testCase_buildLib_default || function (","            options,","            onError","        ) {","        /*","         * this function will test buildLib's default handling-behavior","         */","            options = {};","            local.buildLib(options, onError);","        };","","        local.testCase_buildReadme_default = local.testCase_buildReadme_default || function (","            options,","            onError","        ) {","        /*","         * this function will test buildReadme's default handling-behavior-behavior","         */","            options = {};","            local.buildReadme(options, onError);","        };","","        local.testCase_buildTest_default = local.testCase_buildTest_default || function (","            options,","            onError","        ) {","        /*","         * this function will test buildTest's default handling-behavior","         */","            options = {};","            local.buildTest(options, onError);","        };","","        local.testCase_webpage_default = local.testCase_webpage_default || function (","            options,","            onError","        ) {","        /*","         * this function will test webpage's default handling-behavior","         */","            options = { modeCoverageMerge: true, url: local.serverLocalHost + '?modeTest=1' };","            local.browserTest(options, onError);","        };","","        // run test-server","        local.testRunServer(local);","        break;","    }","}());",""],"l":{"12":2,"14":2,"19":2,"21":2,"23":2,"24":2,"25":2,"30":1,"37":2,"40":2,"43":1,"47":1,"50":1,"52":1,"55":2,"61":2,"62":2,"64":2,"70":1,"76":1,"82":2,"83":2,"85":2,"91":1,"98":1,"102":1,"105":1,"112":1,"119":1,"120":1,"123":1,"130":1,"131":1,"132":1,"133":1,"134":1,"135":1,"138":1,"143":2,"144":2,"147":1,"154":2,"155":2,"158":1,"165":2,"166":2,"169":1,"176":2,"177":2,"180":1,"187":1,"188":1,"192":1,"193":1}},"/home/travis/build/npmtest/node-npmtest-jquery-form/lib.npmtest_jquery_form.js":{"path":"/home/travis/build/npmtest/node-npmtest-jquery-form/lib.npmtest_jquery_form.js","s":{"1":2,"2":2,"3":2,"4":2,"5":2,"6":2,"7":2,"8":1,"9":2,"10":2,"11":2,"12":2,"13":1,"14":1,"15":1,"16":1},"b":{"1":[2,1,1,1],"2":[1,1,1,1],"3":[1,1],"4":[2,2],"5":[1,1]},"f":{"1":2,"2":2,"3":2},"fnMap":{"1":{"name":"(anonymous_1)","line":12,"loc":{"start":{"line":12,"column":1},"end":{"line":12,"column":13}}},"2":{"name":"(anonymous_2)","line":19,"loc":{"start":{"line":19,"column":5},"end":{"line":19,"column":17}}},"3":{"name":"(anonymous_3)","line":23,"loc":{"start":{"line":23,"column":24},"end":{"line":23,"column":36}}}},"statementMap":{"1":{"start":{"line":12,"column":0},"end":{"line":53,"column":5}},"2":{"start":{"line":14,"column":4},"end":{"line":14,"column":14}},"3":{"start":{"line":19,"column":4},"end":{"line":52,"column":9}},"4":{"start":{"line":21,"column":8},"end":{"line":21,"column":19}},"5":{"start":{"line":23,"column":8},"end":{"line":35,"column":13}},"6":{"start":{"line":24,"column":12},"end":{"line":34,"column":13}},"7":{"start":{"line":25,"column":16},"end":{"line":28,"column":30}},"8":{"start":{"line":30,"column":16},"end":{"line":33,"column":27}},"9":{"start":{"line":37,"column":8},"end":{"line":39,"column":21}},"10":{"start":{"line":41,"column":8},"end":{"line":41,"column":54}},"11":{"start":{"line":43,"column":8},"end":{"line":43,"column":56}},"12":{"start":{"line":45,"column":8},"end":{"line":51,"column":9}},"13":{"start":{"line":46,"column":12},"end":{"line":46,"column":62}},"14":{"start":{"line":48,"column":12},"end":{"line":48,"column":35}},"15":{"start":{"line":49,"column":12},"end":{"line":49,"column":49}},"16":{"start":{"line":50,"column":12},"end":{"line":50,"column":43}}},"branchMap":{"1":{"line":25,"type":"binary-expr","locations":[{"start":{"line":25,"column":23},"end":{"line":25,"column":62}},{"start":{"line":26,"column":20},"end":{"line":26,"column":70}},{"start":{"line":27,"column":20},"end":{"line":27,"column":71}},{"start":{"line":28,"column":20},"end":{"line":28,"column":29}}]},"2":{"line":30,"type":"binary-expr","locations":[{"start":{"line":30,"column":23},"end":{"line":30,"column":37}},{"start":{"line":31,"column":20},"end":{"line":31,"column":61}},{"start":{"line":32,"column":20},"end":{"line":32,"column":70}},{"start":{"line":33,"column":20},"end":{"line":33,"column":26}}]},"3":{"line":37,"type":"cond-expr","locations":[{"start":{"line":38,"column":14},"end":{"line":38,"column":20}},{"start":{"line":39,"column":14},"end":{"line":39,"column":20}}]},"4":{"line":41,"type":"binary-expr","locations":[{"start":{"line":41,"column":16},"end":{"line":41,"column":44}},{"start":{"line":41,"column":48},"end":{"line":41,"column":53}}]},"5":{"line":45,"type":"if","locations":[{"start":{"line":45,"column":8},"end":{"line":45,"column":8}},{"start":{"line":45,"column":8},"end":{"line":45,"column":8}}]}},"code":["/* istanbul instrument in package npmtest_jquery_form */","/*jslint","    bitwise: true,","    browser: true,","    maxerr: 8,","    maxlen: 96,","    node: true,","    nomen: true,","    regexp: true,","    stupid: true","*/","(function () {","    'use strict';","    var local;","","","","    // run shared js-env code - init-before","    (function () {","        // init local","        local = {};","        // init modeJs","        local.modeJs = (function () {","            try {","                return typeof navigator.userAgent === 'string' &&","                    typeof document.querySelector('body') === 'object' &&","                    typeof XMLHttpRequest.prototype.open === 'function' &&","                    'browser';","            } catch (errorCaughtBrowser) {","                return module.exports &&","                    typeof process.versions.node === 'string' &&","                    typeof require('http').createServer === 'function' &&","                    'node';","            }","        }());","        // init global","        local.global = local.modeJs === 'browser'","            ? window","            : global;","        // init utility2_rollup","        local = local.global.utility2_rollup || local;","        // init lib","        local.local = local.npmtest_jquery_form = local;","        // init exports","        if (local.modeJs === 'browser') {","            local.global.utility2_npmtest_jquery_form = local;","        } else {","            module.exports = local;","            module.exports.__dirname = __dirname;","            module.exports.module = module;","        }","    }());","}());",""],"l":{"12":2,"14":2,"19":2,"21":2,"23":2,"24":2,"25":2,"30":1,"37":2,"41":2,"43":2,"45":2,"46":1,"48":1,"49":1,"50":1}},"/home/travis/build/npmtest/node-npmtest-jquery-form/example.js":{"path":"/home/travis/build/npmtest/node-npmtest-jquery-form/example.js","s":{"1":2,"2":2,"3":2,"4":2,"5":2,"6":2,"7":2,"8":1,"9":2,"10":2,"11":2,"12":2,"13":1,"14":2,"15":2,"16":2,"17":2,"18":2,"19":0,"20":2,"21":1,"22":1,"23":1,"24":1,"25":1,"26":0,"27":0,"28":1,"29":1,"30":2,"31":0,"32":0,"33":0,"34":1,"35":2,"36":2,"37":3,"38":3,"39":3,"40":3,"41":0,"42":3,"43":3,"44":3,"45":1,"46":3,"47":1,"48":1,"49":1,"50":1,"51":1,"52":1,"53":1,"54":1,"55":1,"56":1,"57":0,"58":1,"59":6,"60":6,"61":1,"62":2,"63":0,"64":2,"65":1,"66":1,"67":0,"68":0,"69":0,"70":0,"71":0,"72":0,"73":0,"74":0,"75":0,"76":0,"77":0,"78":0,"79":0,"80":0,"81":0,"82":0,"83":0},"b":{"1":[2,1,1,1],"2":[1,1,1,1],"3":[1,1],"4":[2,2],"5":[1,1],"6":[1,1],"7":[2,0],"8":[2,1,1,1,1,1],"9":[0,2,0],"10":[1,1],"11":[2,1,1],"12":[1,0],"13":[0,2],"14":[2,0,0,0,0,0,0],"15":[0,3],"16":[3,0],"17":[1,1],"18":[0,1],"19":[1,2,0,2],"20":[1,0],"21":[1,1],"22":[0,0],"23":[0,0],"24":[0,0],"25":[0,0],"26":[0,0],"27":[0,0],"28":[0,0]},"f":{"1":2,"2":2,"3":2,"4":2,"5":2,"6":2,"7":3,"8":3,"9":3,"10":1,"11":6,"12":0},"fnMap":{"1":{"name":"(anonymous_1)","line":26,"loc":{"start":{"line":26,"column":1},"end":{"line":26,"column":13}}},"2":{"name":"(anonymous_2)","line":33,"loc":{"start":{"line":33,"column":5},"end":{"line":33,"column":17}}},"3":{"name":"(anonymous_3)","line":37,"loc":{"start":{"line":37,"column":24},"end":{"line":37,"column":36}}},"4":{"name":"(anonymous_4)","line":69,"loc":{"start":{"line":69,"column":31},"end":{"line":69,"column":48}},"skip":true},"5":{"name":"(anonymous_5)","line":78,"loc":{"start":{"line":78,"column":26},"end":{"line":78,"column":45}},"skip":true},"6":{"name":"(anonymous_6)","line":123,"loc":{"start":{"line":123,"column":33},"end":{"line":123,"column":48}},"skip":true},"7":{"name":"(anonymous_7)","line":125,"loc":{"start":{"line":125,"column":27},"end":{"line":125,"column":39}},"skip":true},"8":{"name":"(anonymous_8)","line":133,"loc":{"start":{"line":133,"column":59},"end":{"line":133,"column":74}},"skip":true},"9":{"name":"(anonymous_9)","line":143,"loc":{"start":{"line":143,"column":45},"end":{"line":143,"column":62}},"skip":true},"10":{"name":"(anonymous_10)","line":144,"loc":{"start":{"line":144,"column":73},"end":{"line":144,"column":92}},"skip":true},"11":{"name":"(anonymous_11)","line":272,"loc":{"start":{"line":272,"column":51},"end":{"line":272,"column":77}},"skip":true},"12":{"name":"(anonymous_12)","line":315,"loc":{"start":{"line":315,"column":32},"end":{"line":315,"column":61}},"skip":true}},"statementMap":{"1":{"start":{"line":26,"column":0},"end":{"line":326,"column":5}},"2":{"start":{"line":28,"column":4},"end":{"line":28,"column":14}},"3":{"start":{"line":33,"column":4},"end":{"line":60,"column":9}},"4":{"start":{"line":35,"column":8},"end":{"line":35,"column":19}},"5":{"start":{"line":37,"column":8},"end":{"line":49,"column":13}},"6":{"start":{"line":38,"column":12},"end":{"line":48,"column":13}},"7":{"start":{"line":39,"column":16},"end":{"line":42,"column":30}},"8":{"start":{"line":44,"column":16},"end":{"line":47,"column":27}},"9":{"start":{"line":51,"column":8},"end":{"line":53,"column":21}},"10":{"start":{"line":55,"column":8},"end":{"line":57,"column":45}},"11":{"start":{"line":59,"column":8},"end":{"line":59,"column":35}},"12":{"start":{"line":61,"column":4},"end":{"line":325,"column":5}},"13":{"start":{"line":69,"column":8},"end":{"line":121,"column":10},"skip":true},"14":{"start":{"line":70,"column":12},"end":{"line":88,"column":13},"skip":true},"15":{"start":{"line":76,"column":16},"end":{"line":87,"column":19},"skip":true},"16":{"start":{"line":79,"column":20},"end":{"line":86,"column":21},"skip":true},"17":{"start":{"line":82,"column":24},"end":{"line":82,"column":43},"skip":true},"18":{"start":{"line":83,"column":24},"end":{"line":83,"column":30},"skip":true},"19":{"start":{"line":85,"column":24},"end":{"line":85,"column":49},"skip":true},"20":{"start":{"line":89,"column":12},"end":{"line":107,"column":13},"skip":true},"21":{"start":{"line":92,"column":16},"end":{"line":102,"column":17},"skip":true},"22":{"start":{"line":93,"column":20},"end":{"line":93,"column":86},"skip":true},"23":{"start":{"line":94,"column":20},"end":{"line":95,"column":45},"skip":true},"24":{"start":{"line":96,"column":20},"end":{"line":96,"column":42},"skip":true},"25":{"start":{"line":97,"column":20},"end":{"line":97,"column":48},"skip":true},"26":{"start":{"line":100,"column":20},"end":{"line":100,"column":85},"skip":true},"27":{"start":{"line":101,"column":20},"end":{"line":101,"column":96},"skip":true},"28":{"start":{"line":103,"column":16},"end":{"line":103,"column":22},"skip":true},"29":{"start":{"line":106,"column":16},"end":{"line":106,"column":22},"skip":true},"30":{"start":{"line":108,"column":12},"end":{"line":120,"column":13},"skip":true},"31":{"start":{"line":114,"column":16},"end":{"line":119,"column":17},"skip":true},"32":{"start":{"line":116,"column":20},"end":{"line":116,"column":78},"skip":true},"33":{"start":{"line":118,"column":20},"end":{"line":118,"column":47},"skip":true},"34":{"start":{"line":123,"column":8},"end":{"line":141,"column":11},"skip":true},"35":{"start":{"line":124,"column":12},"end":{"line":124,"column":54},"skip":true},"36":{"start":{"line":125,"column":12},"end":{"line":140,"column":14},"skip":true},"37":{"start":{"line":126,"column":16},"end":{"line":126,"column":28},"skip":true},"38":{"start":{"line":127,"column":16},"end":{"line":127,"column":69},"skip":true},"39":{"start":{"line":128,"column":16},"end":{"line":128,"column":75},"skip":true},"40":{"start":{"line":129,"column":16},"end":{"line":131,"column":17},"skip":true},"41":{"start":{"line":130,"column":20},"end":{"line":130,"column":27},"skip":true},"42":{"start":{"line":133,"column":16},"end":{"line":137,"column":36},"skip":true},"43":{"start":{"line":134,"column":20},"end":{"line":136,"column":55},"skip":true},"44":{"start":{"line":139,"column":16},"end":{"line":139,"column":57},"skip":true},"45":{"start":{"line":143,"column":8},"end":{"line":147,"column":11},"skip":true},"46":{"start":{"line":144,"column":12},"end":{"line":146,"column":15},"skip":true},"47":{"start":{"line":145,"column":16},"end":{"line":145,"column":70},"skip":true},"48":{"start":{"line":149,"column":8},"end":{"line":149,"column":31},"skip":true},"49":{"start":{"line":150,"column":8},"end":{"line":150,"column":14},"skip":true},"50":{"start":{"line":158,"column":8},"end":{"line":158,"column":31},"skip":true},"51":{"start":{"line":160,"column":8},"end":{"line":160,"column":33},"skip":true},"52":{"start":{"line":161,"column":8},"end":{"line":161,"column":37},"skip":true},"53":{"start":{"line":162,"column":8},"end":{"line":162,"column":35},"skip":true},"54":{"start":{"line":164,"column":8},"end":{"line":164,"column":50},"skip":true},"55":{"start":{"line":166,"column":8},"end":{"line":256,"column":2},"skip":true},"56":{"start":{"line":258,"column":8},"end":{"line":286,"column":9},"skip":true},"57":{"start":{"line":259,"column":12},"end":{"line":269,"column":14},"skip":true},"58":{"start":{"line":271,"column":12},"end":{"line":285,"column":19},"skip":true},"59":{"start":{"line":274,"column":20},"end":{"line":274,"column":35},"skip":true},"60":{"start":{"line":275,"column":20},"end":{"line":284,"column":21},"skip":true},"61":{"start":{"line":277,"column":24},"end":{"line":277,"column":64},"skip":true},"62":{"start":{"line":279,"column":24},"end":{"line":279,"column":40},"skip":true},"63":{"start":{"line":281,"column":24},"end":{"line":281,"column":40},"skip":true},"64":{"start":{"line":283,"column":24},"end":{"line":283,"column":39},"skip":true},"65":{"start":{"line":288,"column":8},"end":{"line":290,"column":9},"skip":true},"66":{"start":{"line":289,"column":12},"end":{"line":289,"column":18},"skip":true},"67":{"start":{"line":291,"column":8},"end":{"line":293,"column":54},"skip":true},"68":{"start":{"line":296,"column":8},"end":{"line":301,"column":37},"skip":true},"69":{"start":{"line":303,"column":8},"end":{"line":303,"column":82},"skip":true},"70":{"start":{"line":306,"column":8},"end":{"line":308,"column":9},"skip":true},"71":{"start":{"line":307,"column":12},"end":{"line":307,"column":82},"skip":true},"72":{"start":{"line":310,"column":8},"end":{"line":312,"column":9},"skip":true},"73":{"start":{"line":311,"column":12},"end":{"line":311,"column":18},"skip":true},"74":{"start":{"line":313,"column":8},"end":{"line":313,"column":54},"skip":true},"75":{"start":{"line":314,"column":8},"end":{"line":314,"column":69},"skip":true},"76":{"start":{"line":315,"column":8},"end":{"line":323,"column":36},"skip":true},"77":{"start":{"line":316,"column":12},"end":{"line":316,"column":61},"skip":true},"78":{"start":{"line":317,"column":12},"end":{"line":320,"column":13},"skip":true},"79":{"start":{"line":318,"column":16},"end":{"line":318,"column":75},"skip":true},"80":{"start":{"line":319,"column":16},"end":{"line":319,"column":23},"skip":true},"81":{"start":{"line":321,"column":12},"end":{"line":321,"column":38},"skip":true},"82":{"start":{"line":322,"column":12},"end":{"line":322,"column":27},"skip":true},"83":{"start":{"line":324,"column":8},"end":{"line":324,"column":14},"skip":true}},"branchMap":{"1":{"line":39,"type":"binary-expr","locations":[{"start":{"line":39,"column":23},"end":{"line":39,"column":62}},{"start":{"line":40,"column":20},"end":{"line":40,"column":70}},{"start":{"line":41,"column":20},"end":{"line":41,"column":71}},{"start":{"line":42,"column":20},"end":{"line":42,"column":29}}]},"2":{"line":44,"type":"binary-expr","locations":[{"start":{"line":44,"column":23},"end":{"line":44,"column":37}},{"start":{"line":45,"column":20},"end":{"line":45,"column":61}},{"start":{"line":46,"column":20},"end":{"line":46,"column":70}},{"start":{"line":47,"column":20},"end":{"line":47,"column":26}}]},"3":{"line":51,"type":"cond-expr","locations":[{"start":{"line":52,"column":14},"end":{"line":52,"column":20}},{"start":{"line":53,"column":14},"end":{"line":53,"column":20}}]},"4":{"line":55,"type":"binary-expr","locations":[{"start":{"line":55,"column":16},"end":{"line":55,"column":44}},{"start":{"line":55,"column":49},"end":{"line":57,"column":43}}]},"5":{"line":55,"type":"cond-expr","locations":[{"start":{"line":56,"column":14},"end":{"line":56,"column":55}},{"start":{"line":57,"column":14},"end":{"line":57,"column":43}}]},"6":{"line":61,"type":"switch","locations":[{"start":{"line":68,"column":4},"end":{"line":150,"column":14},"skip":true},{"start":{"line":156,"column":4},"end":{"line":324,"column":14},"skip":true}]},"7":{"line":70,"type":"if","locations":[{"start":{"line":70,"column":12},"end":{"line":70,"column":12},"skip":true},{"start":{"line":70,"column":12},"end":{"line":70,"column":12},"skip":true}]},"8":{"line":70,"type":"binary-expr","locations":[{"start":{"line":70,"column":16},"end":{"line":70,"column":22},"skip":true},{"start":{"line":70,"column":27},"end":{"line":70,"column":32},"skip":true},{"start":{"line":71,"column":20},"end":{"line":71,"column":39},"skip":true},{"start":{"line":72,"column":20},"end":{"line":72,"column":49},"skip":true},{"start":{"line":73,"column":20},"end":{"line":73,"column":58},"skip":true},{"start":{"line":74,"column":20},"end":{"line":74,"column":69},"skip":true}]},"9":{"line":79,"type":"switch","locations":[{"start":{"line":80,"column":20},"end":{"line":80,"column":33},"skip":true},{"start":{"line":81,"column":20},"end":{"line":83,"column":30},"skip":true},{"start":{"line":84,"column":20},"end":{"line":85,"column":49},"skip":true}]},"10":{"line":89,"type":"switch","locations":[{"start":{"line":90,"column":12},"end":{"line":103,"column":22},"skip":true},{"start":{"line":105,"column":12},"end":{"line":106,"column":22},"skip":true}]},"11":{"line":89,"type":"binary-expr","locations":[{"start":{"line":89,"column":20},"end":{"line":89,"column":25},"skip":true},{"start":{"line":89,"column":29},"end":{"line":89,"column":48},"skip":true},{"start":{"line":89,"column":52},"end":{"line":89,"column":74},"skip":true}]},"12":{"line":92,"type":"if","locations":[{"start":{"line":92,"column":16},"end":{"line":92,"column":16},"skip":true},{"start":{"line":92,"column":16},"end":{"line":92,"column":16},"skip":true}]},"13":{"line":108,"type":"if","locations":[{"start":{"line":108,"column":12},"end":{"line":108,"column":12},"skip":true},{"start":{"line":108,"column":12},"end":{"line":108,"column":12},"skip":true}]},"14":{"line":108,"type":"binary-expr","locations":[{"start":{"line":108,"column":16},"end":{"line":108,"column":61},"skip":true},{"start":{"line":108,"column":66},"end":{"line":108,"column":72},"skip":true},{"start":{"line":108,"column":77},"end":{"line":108,"column":82},"skip":true},{"start":{"line":109,"column":20},"end":{"line":109,"column":39},"skip":true},{"start":{"line":110,"column":20},"end":{"line":110,"column":49},"skip":true},{"start":{"line":111,"column":20},"end":{"line":111,"column":58},"skip":true},{"start":{"line":112,"column":20},"end":{"line":112,"column":68},"skip":true}]},"15":{"line":129,"type":"if","locations":[{"start":{"line":129,"column":16},"end":{"line":129,"column":16},"skip":true},{"start":{"line":129,"column":16},"end":{"line":129,"column":16},"skip":true}]},"16":{"line":134,"type":"cond-expr","locations":[{"start":{"line":135,"column":26},"end":{"line":135,"column":29},"skip":true},{"start":{"line":136,"column":26},"end":{"line":136,"column":54},"skip":true}]},"17":{"line":164,"type":"binary-expr","locations":[{"start":{"line":164,"column":27},"end":{"line":164,"column":43},"skip":true},{"start":{"line":164,"column":47},"end":{"line":164,"column":49},"skip":true}]},"18":{"line":258,"type":"if","locations":[{"start":{"line":258,"column":8},"end":{"line":258,"column":8},"skip":true},{"start":{"line":258,"column":8},"end":{"line":258,"column":8},"skip":true}]},"19":{"line":275,"type":"switch","locations":[{"start":{"line":276,"column":20},"end":{"line":277,"column":64},"skip":true},{"start":{"line":278,"column":20},"end":{"line":279,"column":40},"skip":true},{"start":{"line":280,"column":20},"end":{"line":281,"column":40},"skip":true},{"start":{"line":282,"column":20},"end":{"line":283,"column":39},"skip":true}]},"20":{"line":288,"type":"if","locations":[{"start":{"line":288,"column":8},"end":{"line":288,"column":8},"skip":true},{"start":{"line":288,"column":8},"end":{"line":288,"column":8},"skip":true}]},"21":{"line":288,"type":"binary-expr","locations":[{"start":{"line":288,"column":12},"end":{"line":288,"column":40},"skip":true},{"start":{"line":288,"column":44},"end":{"line":288,"column":67},"skip":true}]},"22":{"line":292,"type":"binary-expr","locations":[{"start":{"line":292,"column":12},"end":{"line":292,"column":50},"skip":true},{"start":{"line":293,"column":12},"end":{"line":293,"column":53},"skip":true}]},"23":{"line":297,"type":"binary-expr","locations":[{"start":{"line":297,"column":12},"end":{"line":297,"column":69},"skip":true},{"start":{"line":298,"column":12},"end":{"line":301,"column":36},"skip":true}]},"24":{"line":303,"type":"binary-expr","locations":[{"start":{"line":303,"column":43},"end":{"line":303,"column":75},"skip":true},{"start":{"line":303,"column":79},"end":{"line":303,"column":81},"skip":true}]},"25":{"line":306,"type":"if","locations":[{"start":{"line":306,"column":8},"end":{"line":306,"column":8},"skip":true},{"start":{"line":306,"column":8},"end":{"line":306,"column":8},"skip":true}]},"26":{"line":310,"type":"if","locations":[{"start":{"line":310,"column":8},"end":{"line":310,"column":8},"skip":true},{"start":{"line":310,"column":8},"end":{"line":310,"column":8},"skip":true}]},"27":{"line":313,"type":"binary-expr","locations":[{"start":{"line":313,"column":27},"end":{"line":313,"column":43},"skip":true},{"start":{"line":313,"column":47},"end":{"line":313,"column":53},"skip":true}]},"28":{"line":317,"type":"if","locations":[{"start":{"line":317,"column":12},"end":{"line":317,"column":12},"skip":true},{"start":{"line":317,"column":12},"end":{"line":317,"column":12},"skip":true}]}},"code":["/*","example.js","","quickstart example","","instruction","    1. save this script as example.js","    2. run the shell command:","        $ npm install npmtest-jquery-form && PORT=8081 node example.js","    3. play with the browser-demo on http://127.0.0.1:8081","*/","","","","/* istanbul instrument in package npmtest_jquery_form */","/*jslint","    bitwise: true,","    browser: true,","    maxerr: 8,","    maxlen: 96,","    node: true,","    nomen: true,","    regexp: true,","    stupid: true","*/","(function () {","    'use strict';","    var local;","","","","    // run shared js-env code - init-before","    (function () {","        // init local","        local = {};","        // init modeJs","        local.modeJs = (function () {","            try {","                return typeof navigator.userAgent === 'string' &&","                    typeof document.querySelector('body') === 'object' &&","                    typeof XMLHttpRequest.prototype.open === 'function' &&","                    'browser';","            } catch (errorCaughtBrowser) {","                return module.exports &&","                    typeof process.versions.node === 'string' &&","                    typeof require('http').createServer === 'function' &&","                    'node';","            }","        }());","        // init global","        local.global = local.modeJs === 'browser'","            ? window","            : global;","        // init utility2_rollup","        local = local.global.utility2_rollup || (local.modeJs === 'browser'","            ? local.global.utility2_npmtest_jquery_form","            : global.utility2_moduleExports);","        // export local","        local.global.local = local;","    }());","    switch (local.modeJs) {","","","","    // init-after","    // run browser js-env code - init-after","    /* istanbul ignore next */","    case 'browser':","        local.testRunBrowser = function (event) {","            if (!event || (event &&","                    event.currentTarget &&","                    event.currentTarget.className &&","                    event.currentTarget.className.includes &&","                    event.currentTarget.className.includes('onreset'))) {","                // reset output","                Array.from(","                    document.querySelectorAll('body > .resettable')","                ).forEach(function (element) {","                    switch (element.tagName) {","                    case 'INPUT':","                    case 'TEXTAREA':","                        element.value = '';","                        break;","                    default:","                        element.textContent = '';","                    }","                });","            }","            switch (event && event.currentTarget && event.currentTarget.id) {","            case 'testRunButton1':","                // show tests","                if (document.querySelector('#testReportDiv1').style.display === 'none') {","                    document.querySelector('#testReportDiv1').style.display = 'block';","                    document.querySelector('#testRunButton1').textContent =","                        'hide internal test';","                    local.modeTest = true;","                    local.testRunDefault(local);","                // hide tests","                } else {","                    document.querySelector('#testReportDiv1').style.display = 'none';","                    document.querySelector('#testRunButton1').textContent = 'run internal test';","                }","                break;","            // custom-case","            default:","                break;","            }","            if (document.querySelector('#inputTextareaEval1') && (!event || (event &&","                    event.currentTarget &&","                    event.currentTarget.className &&","                    event.currentTarget.className.includes &&","                    event.currentTarget.className.includes('oneval')))) {","                // try to eval input-code","                try {","                    /*jslint evil: true*/","                    eval(document.querySelector('#inputTextareaEval1').value);","                } catch (errorCaught) {","                    console.error(errorCaught);","                }","            }","        };","        // log stderr and stdout to #outputTextareaStdout1","        ['error', 'log'].forEach(function (key) {","            console[key + '_original'] = console[key];","            console[key] = function () {","                var element;","                console[key + '_original'].apply(console, arguments);","                element = document.querySelector('#outputTextareaStdout1');","                if (!element) {","                    return;","                }","                // append text to #outputTextareaStdout1","                element.value += Array.from(arguments).map(function (arg) {","                    return typeof arg === 'string'","                        ? arg","                        : JSON.stringify(arg, null, 4);","                }).join(' ') + '\\n';","                // scroll textarea to bottom","                element.scrollTop = element.scrollHeight;","            };","        });","        // init event-handling","        ['change', 'click', 'keyup'].forEach(function (event) {","            Array.from(document.querySelectorAll('.on' + event)).forEach(function (element) {","                element.addEventListener(event, local.testRunBrowser);","            });","        });","        // run tests","        local.testRunBrowser();","        break;","","","","    // run node js-env code - init-after","    /* istanbul ignore next */","    case 'node':","        // export local","        module.exports = local;","        // require modules","        local.fs = require('fs');","        local.http = require('http');","        local.url = require('url');","        // init assets","        local.assetsDict = local.assetsDict || {};","        /* jslint-ignore-begin */","        local.assetsDict['/assets.index.template.html'] = '\\","<!doctype html>\\n\\","<html lang=\"en\">\\n\\","<head>\\n\\","<meta charset=\"UTF-8\">\\n\\","<meta name=\"viewport\" content=\"width=device-width, initial-scale=1\">\\n\\","<title>{{env.npm_package_name}} (v{{env.npm_package_version}})</title>\\n\\","<style>\\n\\","/*csslint\\n\\","    box-sizing: false,\\n\\","    universal-selector: false\\n\\","*/\\n\\","* {\\n\\","    box-sizing: border-box;\\n\\","}\\n\\","body {\\n\\","    background: #dde;\\n\\","    font-family: Arial, Helvetica, sans-serif;\\n\\","    margin: 2rem;\\n\\","}\\n\\","body > * {\\n\\","    margin-bottom: 1rem;\\n\\","}\\n\\",".utility2FooterDiv {\\n\\","    margin-top: 20px;\\n\\","    text-align: center;\\n\\","}\\n\\","</style>\\n\\","<style>\\n\\","/*csslint\\n\\","*/\\n\\","textarea {\\n\\","    font-family: monospace;\\n\\","    height: 10rem;\\n\\","    width: 100%;\\n\\","}\\n\\","textarea[readonly] {\\n\\","    background: #ddd;\\n\\","}\\n\\","</style>\\n\\","</head>\\n\\","<body>\\n\\","<!-- utility2-comment\\n\\","<div id=\"ajaxProgressDiv1\" style=\"background: #d00; height: 2px; left: 0; margin: 0; padding: 0; position: fixed; top: 0; transition: background 0.5s, width 1.5s; width: 25%;\"></div>\\n\\","utility2-comment -->\\n\\","<h1>\\n\\","<!-- utility2-comment\\n\\","    <a\\n\\","        {{#if env.npm_package_homepage}}\\n\\","        href=\"{{env.npm_package_homepage}}\"\\n\\","        {{/if env.npm_package_homepage}}\\n\\","        target=\"_blank\"\\n\\","    >\\n\\","utility2-comment -->\\n\\","        {{env.npm_package_name}} (v{{env.npm_package_version}})\\n\\","<!-- utility2-comment\\n\\","    </a>\\n\\","utility2-comment -->\\n\\","</h1>\\n\\","<h3>{{env.npm_package_description}}</h3>\\n\\","<!-- utility2-comment\\n\\","<h4><a download href=\"assets.app.js\">download standalone app</a></h4>\\n\\","<button class=\"onclick onreset\" id=\"testRunButton1\">run internal test</button><br>\\n\\","<div id=\"testReportDiv1\" style=\"display: none;\"></div>\\n\\","utility2-comment -->\\n\\","\\n\\","\\n\\","\\n\\","<label>stderr and stdout</label>\\n\\","<textarea class=\"resettable\" id=\"outputTextareaStdout1\" readonly></textarea>\\n\\","<!-- utility2-comment\\n\\","{{#if isRollup}}\\n\\","<script src=\"assets.app.js\"></script>\\n\\","{{#unless isRollup}}\\n\\","utility2-comment -->\\n\\","<script src=\"assets.utility2.rollup.js\"></script>\\n\\","<script src=\"jsonp.utility2._stateInit?callback=window.utility2._stateInit\"></script>\\n\\","<script src=\"assets.npmtest_jquery_form.rollup.js\"></script>\\n\\","<script src=\"assets.example.js\"></script>\\n\\","<script src=\"assets.test.js\"></script>\\n\\","<!-- utility2-comment\\n\\","{{/if isRollup}}\\n\\","utility2-comment -->\\n\\","<div class=\"utility2FooterDiv\">\\n\\","    [ this app was created with\\n\\","    <a href=\"https://github.com/kaizhu256/node-utility2\" target=\"_blank\">utility2</a>\\n\\","    ]\\n\\","</div>\\n\\","</body>\\n\\","</html>\\n\\","';","        /* jslint-ignore-end */","        if (local.templateRender) {","            local.assetsDict['/'] = local.templateRender(","                local.assetsDict['/assets.index.template.html'],","                {","                    env: local.objectSetDefault(local.env, {","                        npm_package_description: 'the greatest app in the world!',","                        npm_package_name: 'my-app',","                        npm_package_nameAlias: 'my_app',","                        npm_package_version: '0.0.1'","                    })","                }","            );","        } else {","            local.assetsDict['/'] = local.assetsDict['/assets.index.template.html']","                .replace((/\\{\\{env\\.(\\w+?)\\}\\}/g), function (match0, match1) {","                    // jslint-hack","                    String(match0);","                    switch (match1) {","                    case 'npm_package_description':","                        return 'the greatest app in the world!';","                    case 'npm_package_name':","                        return 'my-app';","                    case 'npm_package_nameAlias':","                        return 'my_app';","                    case 'npm_package_version':","                        return '0.0.1';","                    }","                });","        }","        // run the cli","        if (local.global.utility2_rollup || module !== require.main) {","            break;","        }","        local.assetsDict['/assets.example.js'] =","            local.assetsDict['/assets.example.js'] ||","            local.fs.readFileSync(__filename, 'utf8');","        // bug-workaround - long $npm_package_buildCustomOrg","        /* jslint-ignore-begin */","        local.assetsDict['/assets.npmtest_jquery_form.rollup.js'] =","            local.assetsDict['/assets.npmtest_jquery_form.rollup.js'] ||","            local.fs.readFileSync(","                local.npmtest_jquery_form.__dirname + '/lib.npmtest_jquery_form.js',","                'utf8'","            ).replace((/^#!/), '//');","        /* jslint-ignore-end */","        local.assetsDict['/favicon.ico'] = local.assetsDict['/favicon.ico'] || '';","        // if $npm_config_timeout_exit exists,","        // then exit this process after $npm_config_timeout_exit ms","        if (Number(process.env.npm_config_timeout_exit)) {","            setTimeout(process.exit, Number(process.env.npm_config_timeout_exit));","        }","        // start server","        if (local.global.utility2_serverHttp1) {","            break;","        }","        process.env.PORT = process.env.PORT || '8081';","        console.error('server starting on port ' + process.env.PORT);","        local.http.createServer(function (request, response) {","            request.urlParsed = local.url.parse(request.url);","            if (local.assetsDict[request.urlParsed.pathname] !== undefined) {","                response.end(local.assetsDict[request.urlParsed.pathname]);","                return;","            }","            response.statusCode = 404;","            response.end();","        }).listen(process.env.PORT);","        break;","    }","}());",""],"l":{"26":2,"28":2,"33":2,"35":2,"37":2,"38":2,"39":2,"44":1,"51":2,"55":2,"59":2,"61":2,"69":1,"70":2,"76":2,"79":2,"82":2,"83":2,"85":1,"89":2,"92":1,"93":1,"94":1,"96":1,"97":1,"100":1,"101":1,"103":1,"106":1,"108":2,"114":1,"116":1,"118":1,"123":1,"124":2,"125":2,"126":3,"127":3,"128":3,"129":3,"130":1,"133":3,"134":3,"139":3,"143":1,"144":3,"145":1,"149":1,"150":1,"158":1,"160":1,"161":1,"162":1,"164":1,"166":1,"258":1,"259":1,"271":1,"274":6,"275":6,"277":1,"279":2,"281":1,"283":2,"288":1,"289":1,"291":1,"296":1,"303":1,"306":1,"307":1,"310":1,"311":1,"313":1,"314":1,"315":1,"316":1,"317":1,"318":1,"319":1,"321":1,"322":1,"324":1}},"/home/travis/build/npmtest/node-npmtest-jquery-form/node_modules/jquery-form/src/jquery.form.js":{"path":"/home/travis/build/npmtest/node-npmtest-jquery-form/node_modules/jquery-form/src/jquery.form.js","s":{"1":1,"2":1,"3":0,"4":1,"5":1,"6":0,"7":0,"8":0,"9":0,"10":0,"11":0,"12":0,"13":0,"14":0,"15":0,"16":0,"17":0,"18":0,"19":0,"20":0,"21":0,"22":0,"23":0,"24":0,"25":0,"26":0,"27":0,"28":0,"29":0,"30":0,"31":0,"32":0,"33":0,"34":0,"35":0,"36":0,"37":0,"38":0,"39":0,"40":0,"41":0,"42":0,"43":0,"44":0,"45":0,"46":0,"47":0,"48":0,"49":0,"50":0,"51":0,"52":0,"53":0,"54":0,"55":0,"56":0,"57":0,"58":0,"59":0,"60":0,"61":0,"62":0,"63":0,"64":0,"65":0,"66":0,"67":0,"68":0,"69":0,"70":0,"71":0,"72":0,"73":0,"74":0,"75":0,"76":0,"77":0,"78":0,"79":0,"80":0,"81":0,"82":0,"83":0,"84":0,"85":0,"86":0,"87":0,"88":0,"89":0,"90":0,"91":0,"92":0,"93":0,"94":0,"95":0,"96":0,"97":0,"98":0,"99":0,"100":0,"101":0,"102":0,"103":0,"104":0,"105":0,"106":0,"107":0,"108":0,"109":0,"110":0,"111":0,"112":0,"113":0,"114":0,"115":0,"116":0,"117":0,"118":0,"119":0,"120":0,"121":0,"122":0,"123":0,"124":0,"125":0,"126":0,"127":0,"128":0,"129":1,"130":0,"131":0,"132":0,"133":0,"134":0,"135":0,"136":0,"137":0,"138":0,"139":1,"140":0,"141":0,"142":0,"143":0,"144":0,"145":0,"146":0,"147":0,"148":0,"149":0,"150":0,"151":0,"152":0,"153":0,"154":0,"155":0,"156":0,"157":0,"158":0,"159":0,"160":0,"161":0,"162":0,"163":0,"164":0,"165":0,"166":0,"167":0,"168":0,"169":0,"170":0,"171":1,"172":0,"173":0,"174":0,"175":0,"176":0,"177":0,"178":0,"179":0,"180":0,"181":0,"182":0,"183":0,"184":0,"185":0,"186":0,"187":0,"188":0,"189":0,"190":0,"191":0,"192":0,"193":0,"194":0,"195":0,"196":0,"197":0,"198":0,"199":0,"200":0,"201":0,"202":0,"203":0,"204":0,"205":0,"206":0,"207":0,"208":0,"209":0,"210":0,"211":0,"212":0,"213":0,"214":0,"215":0,"216":0,"217":0,"218":0,"219":0,"220":0,"221":0,"222":0,"223":0,"224":0,"225":0,"226":0,"227":0,"228":0,"229":0,"230":0,"231":0,"232":0,"233":0,"234":0,"235":1,"236":0,"237":0,"238":0,"239":0,"240":0,"241":0,"242":0,"243":0,"244":0,"245":0,"246":0,"247":0,"248":0,"249":0,"250":0,"251":0,"252":0,"253":1,"254":0,"255":0,"256":0,"257":0,"258":0,"259":0,"260":0,"261":0,"262":0,"263":0,"264":0,"265":0,"266":1,"267":0,"268":0,"269":0,"270":0,"271":0,"272":0,"273":0,"274":0,"275":0,"276":0,"277":0,"278":0,"279":0,"280":0,"281":0,"282":0,"283":0,"284":0,"285":0,"286":0,"287":0,"288":0,"289":0,"290":0,"291":0,"292":0,"293":0,"294":0,"295":0,"296":0,"297":0,"298":0,"299":0,"300":0,"301":0,"302":0,"303":0,"304":0,"305":1,"306":0,"307":0,"308":0,"309":0,"310":0,"311":0,"312":0,"313":0,"314":0,"315":0,"316":0,"317":0,"318":0,"319":0,"320":0,"321":0,"322":0,"323":0,"324":0,"325":0,"326":0,"327":0,"328":0,"329":0,"330":0,"331":0,"332":0,"333":0,"334":0,"335":0,"336":0,"337":0,"338":0,"339":0,"340":0,"341":0,"342":0,"343":0,"344":0,"345":0,"346":0,"347":0,"348":0,"349":0,"350":0,"351":0,"352":0,"353":0,"354":0,"355":0,"356":0,"357":0,"358":0,"359":0,"360":0,"361":0,"362":0,"363":0,"364":0,"365":0,"366":0,"367":0,"368":0,"369":0,"370":0,"371":0,"372":0,"373":0,"374":0,"375":0,"376":0,"377":0,"378":0,"379":0,"380":0,"381":0,"382":0,"383":0,"384":0,"385":0,"386":0,"387":0,"388":0,"389":0,"390":0,"391":0,"392":0,"393":0,"394":0,"395":0,"396":0,"397":0,"398":0,"399":0,"400":0,"401":0,"402":0,"403":0,"404":0,"405":0,"406":0,"407":0,"408":0,"409":0,"410":0,"411":0,"412":0,"413":0,"414":0,"415":0,"416":0,"417":0,"418":0,"419":0,"420":0,"421":0,"422":0,"423":0,"424":0,"425":0,"426":0,"427":0,"428":0,"429":0,"430":0,"431":0,"432":0,"433":0,"434":0,"435":0,"436":0,"437":0,"438":0,"439":0,"440":0,"441":0,"442":0,"443":0,"444":0,"445":0,"446":0,"447":0,"448":1,"449":0,"450":0,"451":0,"452":0,"453":1,"454":0,"455":0,"456":0,"457":0,"458":0,"459":0,"460":0,"461":0,"462":0,"463":0,"464":0,"465":0,"466":0,"467":0,"468":0,"469":0,"470":0,"471":0,"472":0,"473":0,"474":0,"475":0,"476":0,"477":0,"478":0,"479":0,"480":0,"481":0,"482":0,"483":0,"484":0,"485":0,"486":0,"487":0,"488":0,"489":0,"490":0,"491":0,"492":0,"493":0,"494":0,"495":0,"496":0,"497":0,"498":0,"499":0,"500":0,"501":0,"502":0,"503":0,"504":0,"505":0,"506":0,"507":0,"508":0,"509":0,"510":0,"511":0,"512":0,"513":0,"514":0,"515":0,"516":0,"517":0,"518":0,"519":0,"520":0,"521":0,"522":0,"523":0,"524":0,"525":0,"526":0,"527":0,"528":0,"529":0,"530":0,"531":0,"532":0,"533":0,"534":0,"535":0,"536":0,"537":0,"538":0,"539":0,"540":0,"541":0,"542":0,"543":0,"544":0,"545":0,"546":0,"547":0,"548":0,"549":0,"550":0,"551":0,"552":0,"553":0,"554":0,"555":0,"556":0,"557":0,"558":0,"559":0,"560":0,"561":0,"562":0,"563":0,"564":0,"565":0,"566":0,"567":0,"568":0,"569":0,"570":0,"571":0,"572":0,"573":0,"574":0,"575":0,"576":0,"577":0,"578":0,"579":0,"580":0,"581":0,"582":0,"583":0,"584":0,"585":0,"586":0,"587":0,"588":0,"589":0,"590":0,"591":0,"592":0,"593":0,"594":0,"595":0,"596":0,"597":0,"598":0,"599":0,"600":0,"601":0,"602":0,"603":0,"604":0,"605":0,"606":0,"607":0,"608":0,"609":0,"610":0,"611":0,"612":0,"613":0,"614":0,"615":0,"616":0,"617":0,"618":0,"619":0,"620":0,"621":0,"622":0,"623":0,"624":0,"625":0,"626":0,"627":0,"628":0,"629":0,"630":0,"631":0,"632":0,"633":0,"634":0,"635":0,"636":0,"637":0,"638":0,"639":0,"640":0,"641":0,"642":0,"643":0,"644":0,"645":0,"646":0,"647":0,"648":0,"649":0,"650":1,"651":0,"652":0,"653":0,"654":0,"655":0,"656":0,"657":0},"b":{"1":[0,1],"2":[1,0],"3":[1,0],"4":[1,1],"5":[0,0],"6":[0,0],"7":[0,0],"8":[0,0],"9":[0,0,0],"10":[0,0],"11":[0,0],"12":[0,0],"13":[0,0,0],"14":[0,0],"15":[0,0],"16":[0,0,0],"17":[0,0],"18":[0,0],"19":[0,0,0],"20":[0,0],"21":[0,0],"22":[0,0],"23":[0,0],"24":[0,0],"25":[0,0],"26":[0,0],"27":[0,0],"28":[0,0],"29":[0,0],"30":[0,0],"31":[0,0],"32":[0,0],"33":[0,0],"34":[0,0],"35":[0,0],"36":[0,0],"37":[0,0],"38":[0,0],"39":[0,0],"40":[0,0],"41":[0,0],"42":[0,0],"43":[0,0],"44":[0,0],"45":[0,0],"46":[0,0],"47":[0,0],"48":[0,0],"49":[0,0],"50":[0,0],"51":[0,0],"52":[0,0],"53":[0,0],"54":[0,0,0],"55":[0,0],"56":[0,0,0],"57":[0,0],"58":[0,0],"59":[0,0,0],"60":[0,0],"61":[0,0],"62":[0,0],"63":[0,0],"64":[0,0],"65":[0,0],"66":[0,0],"67":[0,0],"68":[0,0],"69":[0,0],"70":[0,0],"71":[0,0],"72":[0,0],"73":[0,0],"74":[0,0],"75":[0,0],"76":[0,0],"77":[0,0],"78":[0,0],"79":[0,0],"80":[0,0],"81":[0,0],"82":[0,0],"83":[0,0],"84":[0,0],"85":[0,0],"86":[0,0],"87":[0,0],"88":[0,0],"89":[0,0],"90":[0,0],"91":[0,0],"92":[0,0],"93":[0,0],"94":[0,0],"95":[0,0],"96":[0,0],"97":[0,0,0],"98":[0,0],"99":[0,0],"100":[0,0],"101":[0,0],"102":[0,0,0],"103":[0,0],"104":[0,0],"105":[0,0],"106":[0,0],"107":[0,0],"108":[0,0],"109":[0,0],"110":[0,0,0],"111":[0,0],"112":[0,0],"113":[0,0],"114":[0,0],"115":[0,0],"116":[0,0],"117":[0,0],"118":[0,0],"119":[0,0],"120":[0,0],"121":[0,0],"122":[0,0],"123":[0,0],"124":[0,0],"125":[0,0],"126":[0,0],"127":[0,0,0],"128":[0,0],"129":[0,0,0,0],"130":[0,0],"131":[0,0],"132":[0,0],"133":[0,0],"134":[0,0],"135":[0,0],"136":[0,0],"137":[0,0],"138":[0,0],"139":[0,0],"140":[0,0],"141":[0,0],"142":[0,0],"143":[0,0],"144":[0,0],"145":[0,0],"146":[0,0],"147":[0,0],"148":[0,0],"149":[0,0],"150":[0,0,0],"151":[0,0],"152":[0,0],"153":[0,0],"154":[0,0],"155":[0,0],"156":[0,0,0],"157":[0,0],"158":[0,0],"159":[0,0],"160":[0,0],"161":[0,0],"162":[0,0],"163":[0,0],"164":[0,0],"165":[0,0],"166":[0,0],"167":[0,0],"168":[0,0],"169":[0,0],"170":[0,0],"171":[0,0],"172":[0,0],"173":[0,0,0],"174":[0,0],"175":[0,0],"176":[0,0,0],"177":[0,0],"178":[0,0],"179":[0,0],"180":[0,0],"181":[0,0],"182":[0,0],"183":[0,0],"184":[0,0],"185":[0,0,0],"186":[0,0],"187":[0,0,0],"188":[0,0],"189":[0,0,0],"190":[0,0],"191":[0,0],"192":[0,0],"193":[0,0],"194":[0,0],"195":[0,0],"196":[0,0],"197":[0,0],"198":[0,0],"199":[0,0],"200":[0,0],"201":[0,0],"202":[0,0],"203":[0,0],"204":[0,0],"205":[0,0],"206":[0,0],"207":[0,0],"208":[0,0],"209":[0,0],"210":[0,0,0],"211":[0,0],"212":[0,0],"213":[0,0],"214":[0,0],"215":[0,0],"216":[0,0],"217":[0,0],"218":[0,0],"219":[0,0,0],"220":[0,0],"221":[0,0],"222":[0,0],"223":[0,0],"224":[0,0],"225":[0,0],"226":[0,0],"227":[0,0],"228":[0,0],"229":[0,0],"230":[0,0],"231":[0,0],"232":[0,0],"233":[0,0],"234":[0,0,0],"235":[0,0],"236":[0,0],"237":[0,0],"238":[0,0],"239":[0,0],"240":[0,0],"241":[0,0,0,0],"242":[0,0],"243":[0,0],"244":[0,0],"245":[0,0,0,0,0,0,0,0,0,0,0,0,0,0],"246":[0,0],"247":[0,0],"248":[0,0],"249":[0,0],"250":[0,0],"251":[0,0],"252":[0,0],"253":[0,0,0],"254":[0,0],"255":[0,0],"256":[0,0],"257":[0,0],"258":[0,0],"259":[0,0],"260":[0,0],"261":[0,0],"262":[0,0],"263":[0,0],"264":[0,0,0,0],"265":[0,0,0,0,0,0,0,0],"266":[0,0],"267":[0,0],"268":[0,0],"269":[0,0],"270":[0,0],"271":[0,0],"272":[0,0],"273":[0,0,0],"274":[0,0],"275":[0,0],"276":[0,0],"277":[0,0],"278":[0,0],"279":[0,0],"280":[0,0,0],"281":[0,0],"282":[0,0],"283":[0,0],"284":[0,0],"285":[0,0]},"f":{"1":1,"2":0,"3":0,"4":0,"5":0,"6":0,"7":0,"8":0,"9":0,"10":0,"11":0,"12":0,"13":0,"14":0,"15":0,"16":0,"17":0,"18":0,"19":0,"20":0,"21":0,"22":0,"23":0,"24":0,"25":0,"26":0,"27":0,"28":0,"29":0,"30":0,"31":0,"32":0,"33":0,"34":0,"35":0,"36":0,"37":0,"38":0,"39":0,"40":0,"41":0,"42":0,"43":0,"44":0,"45":0,"46":0,"47":0,"48":0,"49":0,"50":0,"51":0,"52":0,"53":0,"54":0,"55":0,"56":0,"57":0,"58":0,"59":0,"60":0},"fnMap":{"1":{"name":"(anonymous_1)","line":14,"loc":{"start":{"line":14,"column":1},"end":{"line":14,"column":20}}},"2":{"name":"(anonymous_2)","line":20,"loc":{"start":{"line":20,"column":19},"end":{"line":20,"column":44}}},"3":{"name":"(anonymous_3)","line":39,"loc":{"start":{"line":39,"column":2},"end":{"line":39,"column":15}}},"4":{"name":"(anonymous_4)","line":96,"loc":{"start":{"line":96,"column":14},"end":{"line":96,"column":25}}},"5":{"name":"(anonymous_5)","line":119,"loc":{"start":{"line":119,"column":19},"end":{"line":119,"column":64}}},"6":{"name":"(anonymous_6)","line":231,"loc":{"start":{"line":231,"column":18},"end":{"line":231,"column":29}}},"7":{"name":"(anonymous_7)","line":237,"loc":{"start":{"line":237,"column":18},"end":{"line":237,"column":29}}},"8":{"name":"(anonymous_8)","line":244,"loc":{"start":{"line":244,"column":39},"end":{"line":244,"column":49}}},"9":{"name":"(anonymous_9)","line":246,"loc":{"start":{"line":246,"column":18},"end":{"line":246,"column":52}}},"10":{"name":"(anonymous_10)","line":250,"loc":{"start":{"line":250,"column":37},"end":{"line":250,"column":47}}},"11":{"name":"(anonymous_11)","line":263,"loc":{"start":{"line":263,"column":20},"end":{"line":263,"column":48}}},"12":{"name":"(anonymous_12)","line":274,"loc":{"start":{"line":274,"column":19},"end":{"line":274,"column":48}}},"13":{"name":"(anonymous_13)","line":284,"loc":{"start":{"line":284,"column":22},"end":{"line":284,"column":44}}},"14":{"name":"(anonymous_14)","line":295,"loc":{"start":{"line":295,"column":62},"end":{"line":295,"column":73}}},"15":{"name":"(anonymous_15)","line":314,"loc":{"start":{"line":314,"column":34},"end":{"line":314,"column":45}}},"16":{"name":"deepSerialize","line":342,"loc":{"start":{"line":342,"column":2},"end":{"line":342,"column":36}}},"17":{"name":"fileUploadXhr","line":360,"loc":{"start":{"line":360,"column":2},"end":{"line":360,"column":28}}},"18":{"name":"(anonymous_18)","line":388,"loc":{"start":{"line":388,"column":12},"end":{"line":388,"column":23}}},"19":{"name":"(anonymous_19)","line":392,"loc":{"start":{"line":392,"column":46},"end":{"line":392,"column":62}}},"20":{"name":"(anonymous_20)","line":413,"loc":{"start":{"line":413,"column":18},"end":{"line":413,"column":35}}},"21":{"name":"fileUploadIframe","line":430,"loc":{"start":{"line":430,"column":2},"end":{"line":430,"column":31}}},"22":{"name":"(anonymous_22)","line":435,"loc":{"start":{"line":435,"column":20},"end":{"line":435,"column":37}}},"23":{"name":"(anonymous_23)","line":479,"loc":{"start":{"line":479,"column":28},"end":{"line":479,"column":39}}},"24":{"name":"(anonymous_24)","line":480,"loc":{"start":{"line":480,"column":28},"end":{"line":480,"column":39}}},"25":{"name":"(anonymous_25)","line":481,"loc":{"start":{"line":481,"column":28},"end":{"line":481,"column":39}}},"26":{"name":"(anonymous_26)","line":482,"loc":{"start":{"line":482,"column":28},"end":{"line":482,"column":45}}},"27":{"name":"getDoc","line":551,"loc":{"start":{"line":551,"column":3},"end":{"line":551,"column":26}}},"28":{"name":"doSubmit","line":596,"loc":{"start":{"line":596,"column":3},"end":{"line":596,"column":23}}},"29":{"name":"(anonymous_29)","line":622,"loc":{"start":{"line":622,"column":32},"end":{"line":622,"column":43}}},"30":{"name":"checkState","line":628,"loc":{"start":{"line":628,"column":4},"end":{"line":628,"column":26}}},"31":{"name":"cb","line":712,"loc":{"start":{"line":712,"column":3},"end":{"line":712,"column":18}}},"32":{"name":"(anonymous_32)","line":781,"loc":{"start":{"line":781,"column":29},"end":{"line":781,"column":45}}},"33":{"name":"(anonymous_33)","line":887,"loc":{"start":{"line":887,"column":15},"end":{"line":887,"column":26}}},"34":{"name":"(anonymous_34)","line":897,"loc":{"start":{"line":897,"column":29},"end":{"line":897,"column":46}}},"35":{"name":"(anonymous_35)","line":909,"loc":{"start":{"line":909,"column":34},"end":{"line":909,"column":46}}},"36":{"name":"(anonymous_36)","line":914,"loc":{"start":{"line":914,"column":18},"end":{"line":914,"column":41}}},"37":{"name":"(anonymous_37)","line":958,"loc":{"start":{"line":958,"column":17},"end":{"line":958,"column":62}}},"38":{"name":"(anonymous_38)","line":980,"loc":{"start":{"line":980,"column":6},"end":{"line":980,"column":17}}},"39":{"name":"doAjaxSubmit","line":1009,"loc":{"start":{"line":1009,"column":1},"end":{"line":1009,"column":26}}},"40":{"name":"captureSubmittingElement","line":1019,"loc":{"start":{"line":1019,"column":1},"end":{"line":1019,"column":38}}},"41":{"name":"(anonymous_41)","line":1055,"loc":{"start":{"line":1055,"column":13},"end":{"line":1055,"column":24}}},"42":{"name":"(anonymous_42)","line":1062,"loc":{"start":{"line":1062,"column":23},"end":{"line":1062,"column":34}}},"43":{"name":"(anonymous_43)","line":1077,"loc":{"start":{"line":1077,"column":20},"end":{"line":1077,"column":60}}},"44":{"name":"(anonymous_44)","line":1180,"loc":{"start":{"line":1180,"column":22},"end":{"line":1180,"column":41}}},"45":{"name":"(anonymous_45)","line":1189,"loc":{"start":{"line":1189,"column":23},"end":{"line":1189,"column":44}}},"46":{"name":"(anonymous_46)","line":1192,"loc":{"start":{"line":1192,"column":12},"end":{"line":1192,"column":23}}},"47":{"name":"(anonymous_47)","line":1253,"loc":{"start":{"line":1253,"column":19},"end":{"line":1253,"column":40}}},"48":{"name":"(anonymous_48)","line":1275,"loc":{"start":{"line":1275,"column":16},"end":{"line":1275,"column":41}}},"49":{"name":"(anonymous_49)","line":1334,"loc":{"start":{"line":1334,"column":18},"end":{"line":1334,"column":42}}},"50":{"name":"(anonymous_50)","line":1335,"loc":{"start":{"line":1335,"column":19},"end":{"line":1335,"column":30}}},"51":{"name":"(anonymous_51)","line":1343,"loc":{"start":{"line":1343,"column":39},"end":{"line":1343,"column":63}}},"52":{"name":"(anonymous_52)","line":1346,"loc":{"start":{"line":1346,"column":19},"end":{"line":1346,"column":30}}},"53":{"name":"(anonymous_53)","line":1389,"loc":{"start":{"line":1389,"column":18},"end":{"line":1389,"column":29}}},"54":{"name":"(anonymous_54)","line":1390,"loc":{"start":{"line":1390,"column":19},"end":{"line":1390,"column":30}}},"55":{"name":"(anonymous_55)","line":1421,"loc":{"start":{"line":1421,"column":27},"end":{"line":1421,"column":39}}},"56":{"name":"(anonymous_56)","line":1464,"loc":{"start":{"line":1464,"column":15},"end":{"line":1464,"column":27}}},"57":{"name":"(anonymous_57)","line":1469,"loc":{"start":{"line":1469,"column":19},"end":{"line":1469,"column":30}}},"58":{"name":"(anonymous_58)","line":1478,"loc":{"start":{"line":1478,"column":17},"end":{"line":1478,"column":34}}},"59":{"name":"(anonymous_59)","line":1483,"loc":{"start":{"line":1483,"column":19},"end":{"line":1483,"column":30}}},"60":{"name":"log","line":1506,"loc":{"start":{"line":1506,"column":1},"end":{"line":1506,"column":16}}}},"statementMap":{"1":{"start":{"line":14,"column":0},"end":{"line":1520,"column":4}},"2":{"start":{"line":15,"column":1},"end":{"line":37,"column":2}},"3":{"start":{"line":17,"column":2},"end":{"line":17,"column":30}},"4":{"start":{"line":18,"column":8},"end":{"line":37,"column":2}},"5":{"start":{"line":20,"column":2},"end":{"line":33,"column":4}},"6":{"start":{"line":21,"column":3},"end":{"line":30,"column":4}},"7":{"start":{"line":24,"column":4},"end":{"line":29,"column":5}},"8":{"start":{"line":25,"column":5},"end":{"line":25,"column":32}},"9":{"start":{"line":28,"column":5},"end":{"line":28,"column":38}},"10":{"start":{"line":31,"column":3},"end":{"line":31,"column":19}},"11":{"start":{"line":32,"column":3},"end":{"line":32,"column":17}},"12":{"start":{"line":36,"column":2},"end":{"line":36,"column":18}},"13":{"start":{"line":80,"column":1},"end":{"line":80,"column":22}},"14":{"start":{"line":85,"column":1},"end":{"line":85,"column":18}},"15":{"start":{"line":87,"column":1},"end":{"line":87,"column":71}},"16":{"start":{"line":88,"column":1},"end":{"line":88,"column":61}},"17":{"start":{"line":90,"column":1},"end":{"line":90,"column":27}},"18":{"start":{"line":96,"column":1},"end":{"line":108,"column":3}},"19":{"start":{"line":97,"column":2},"end":{"line":99,"column":3}},"20":{"start":{"line":98,"column":3},"end":{"line":98,"column":43}},"21":{"start":{"line":101,"column":2},"end":{"line":101,"column":45}},"22":{"start":{"line":103,"column":2},"end":{"line":105,"column":3}},"23":{"start":{"line":104,"column":3},"end":{"line":104,"column":14}},"24":{"start":{"line":107,"column":2},"end":{"line":107,"column":42}},"25":{"start":{"line":119,"column":1},"end":{"line":941,"column":3}},"26":{"start":{"line":121,"column":2},"end":{"line":125,"column":3}},"27":{"start":{"line":122,"column":3},"end":{"line":122,"column":68}},"28":{"start":{"line":124,"column":3},"end":{"line":124,"column":15}},"29":{"start":{"line":128,"column":2},"end":{"line":128,"column":40}},"30":{"start":{"line":130,"column":2},"end":{"line":146,"column":3}},"31":{"start":{"line":131,"column":3},"end":{"line":131,"column":32}},"32":{"start":{"line":133,"column":9},"end":{"line":146,"column":3}},"33":{"start":{"line":134,"column":3},"end":{"line":138,"column":5}},"34":{"start":{"line":140,"column":3},"end":{"line":142,"column":4}},"35":{"start":{"line":141,"column":4},"end":{"line":141,"column":32}},"36":{"start":{"line":144,"column":9},"end":{"line":146,"column":3}},"37":{"start":{"line":145,"column":3},"end":{"line":145,"column":16}},"38":{"start":{"line":148,"column":2},"end":{"line":148,"column":66}},"39":{"start":{"line":149,"column":2},"end":{"line":149,"column":47}},"40":{"start":{"line":151,"column":2},"end":{"line":151,"column":59}},"41":{"start":{"line":152,"column":2},"end":{"line":152,"column":42}},"42":{"start":{"line":153,"column":2},"end":{"line":156,"column":3}},"43":{"start":{"line":155,"column":3},"end":{"line":155,"column":42}},"44":{"start":{"line":158,"column":2},"end":{"line":163,"column":14}},"45":{"start":{"line":167,"column":2},"end":{"line":167,"column":16}},"46":{"start":{"line":169,"column":2},"end":{"line":169,"column":60}},"47":{"start":{"line":171,"column":2},"end":{"line":175,"column":3}},"48":{"start":{"line":172,"column":3},"end":{"line":172,"column":67}},"49":{"start":{"line":174,"column":3},"end":{"line":174,"column":15}},"50":{"start":{"line":178,"column":2},"end":{"line":182,"column":3}},"51":{"start":{"line":179,"column":3},"end":{"line":179,"column":66}},"52":{"start":{"line":181,"column":3},"end":{"line":181,"column":15}},"53":{"start":{"line":184,"column":2},"end":{"line":184,"column":40}},"54":{"start":{"line":186,"column":2},"end":{"line":188,"column":3}},"55":{"start":{"line":187,"column":3},"end":{"line":187,"column":44}},"56":{"start":{"line":190,"column":2},"end":{"line":190,"column":20}},"57":{"start":{"line":191,"column":2},"end":{"line":191,"column":78}},"58":{"start":{"line":193,"column":2},"end":{"line":198,"column":3}},"59":{"start":{"line":194,"column":3},"end":{"line":194,"column":81}},"60":{"start":{"line":196,"column":3},"end":{"line":196,"column":35}},"61":{"start":{"line":197,"column":3},"end":{"line":197,"column":42}},"62":{"start":{"line":201,"column":2},"end":{"line":205,"column":3}},"63":{"start":{"line":202,"column":3},"end":{"line":202,"column":63}},"64":{"start":{"line":204,"column":3},"end":{"line":204,"column":15}},"65":{"start":{"line":208,"column":2},"end":{"line":208,"column":65}},"66":{"start":{"line":209,"column":2},"end":{"line":213,"column":3}},"67":{"start":{"line":210,"column":3},"end":{"line":210,"column":69}},"68":{"start":{"line":212,"column":3},"end":{"line":212,"column":15}},"69":{"start":{"line":215,"column":2},"end":{"line":215,"column":34}},"70":{"start":{"line":217,"column":2},"end":{"line":219,"column":3}},"71":{"start":{"line":218,"column":3},"end":{"line":218,"column":33}},"72":{"start":{"line":221,"column":2},"end":{"line":226,"column":3}},"73":{"start":{"line":222,"column":3},"end":{"line":222,"column":66}},"74":{"start":{"line":223,"column":3},"end":{"line":223,"column":23}},"75":{"start":{"line":225,"column":3},"end":{"line":225,"column":20}},"76":{"start":{"line":228,"column":2},"end":{"line":228,"column":21}},"77":{"start":{"line":230,"column":2},"end":{"line":234,"column":3}},"78":{"start":{"line":231,"column":3},"end":{"line":233,"column":6}},"79":{"start":{"line":232,"column":4},"end":{"line":232,"column":22}},"80":{"start":{"line":236,"column":2},"end":{"line":240,"column":3}},"81":{"start":{"line":237,"column":3},"end":{"line":239,"column":6}},"82":{"start":{"line":238,"column":4},"end":{"line":238,"column":43}},"83":{"start":{"line":243,"column":2},"end":{"line":261,"column":3}},"84":{"start":{"line":244,"column":3},"end":{"line":244,"column":52}},"85":{"start":{"line":246,"column":3},"end":{"line":253,"column":6}},"86":{"start":{"line":247,"column":4},"end":{"line":248,"column":57}},"87":{"start":{"line":250,"column":4},"end":{"line":252,"column":7}},"88":{"start":{"line":251,"column":5},"end":{"line":251,"column":46}},"89":{"start":{"line":255,"column":9},"end":{"line":261,"column":3}},"90":{"start":{"line":256,"column":3},"end":{"line":260,"column":4}},"91":{"start":{"line":257,"column":4},"end":{"line":257,"column":40}},"92":{"start":{"line":259,"column":4},"end":{"line":259,"column":36}},"93":{"start":{"line":263,"column":2},"end":{"line":269,"column":4}},"94":{"start":{"line":264,"column":3},"end":{"line":264,"column":41}},"95":{"start":{"line":266,"column":3},"end":{"line":268,"column":4}},"96":{"start":{"line":267,"column":4},"end":{"line":267,"column":69}},"97":{"start":{"line":271,"column":2},"end":{"line":279,"column":3}},"98":{"start":{"line":272,"column":3},"end":{"line":272,"column":32}},"99":{"start":{"line":274,"column":3},"end":{"line":278,"column":5}},"100":{"start":{"line":275,"column":4},"end":{"line":275,"column":42}},"101":{"start":{"line":277,"column":4},"end":{"line":277,"column":57}},"102":{"start":{"line":281,"column":2},"end":{"line":289,"column":3}},"103":{"start":{"line":282,"column":3},"end":{"line":282,"column":38}},"104":{"start":{"line":284,"column":3},"end":{"line":288,"column":5}},"105":{"start":{"line":285,"column":4},"end":{"line":285,"column":42}},"106":{"start":{"line":287,"column":4},"end":{"line":287,"column":53}},"107":{"start":{"line":295,"column":2},"end":{"line":297,"column":5}},"108":{"start":{"line":296,"column":3},"end":{"line":296,"column":31}},"109":{"start":{"line":298,"column":2},"end":{"line":298,"column":44}},"110":{"start":{"line":299,"column":2},"end":{"line":299,"column":33}},"111":{"start":{"line":300,"column":2},"end":{"line":300,"column":82}},"112":{"start":{"line":301,"column":2},"end":{"line":301,"column":52}},"113":{"start":{"line":303,"column":2},"end":{"line":303,"column":29}},"114":{"start":{"line":305,"column":2},"end":{"line":305,"column":64}},"115":{"start":{"line":306,"column":2},"end":{"line":306,"column":12}},"116":{"start":{"line":310,"column":2},"end":{"line":327,"column":3}},"117":{"start":{"line":313,"column":3},"end":{"line":320,"column":4}},"118":{"start":{"line":314,"column":4},"end":{"line":316,"column":7}},"119":{"start":{"line":315,"column":5},"end":{"line":315,"column":33}},"120":{"start":{"line":319,"column":4},"end":{"line":319,"column":32}},"121":{"start":{"line":322,"column":9},"end":{"line":327,"column":3}},"122":{"start":{"line":323,"column":3},"end":{"line":323,"column":28}},"123":{"start":{"line":326,"column":3},"end":{"line":326,"column":27}},"124":{"start":{"line":329,"column":2},"end":{"line":329,"column":49}},"125":{"start":{"line":332,"column":2},"end":{"line":334,"column":3}},"126":{"start":{"line":333,"column":3},"end":{"line":333,"column":22}},"127":{"start":{"line":337,"column":2},"end":{"line":337,"column":54}},"128":{"start":{"line":339,"column":2},"end":{"line":339,"column":14}},"129":{"start":{"line":342,"column":2},"end":{"line":357,"column":3}},"130":{"start":{"line":343,"column":3},"end":{"line":343,"column":71}},"131":{"start":{"line":344,"column":3},"end":{"line":344,"column":31}},"132":{"start":{"line":345,"column":3},"end":{"line":345,"column":19}},"133":{"start":{"line":346,"column":3},"end":{"line":346,"column":15}},"134":{"start":{"line":348,"column":3},"end":{"line":354,"column":4}},"135":{"start":{"line":350,"column":4},"end":{"line":350,"column":54}},"136":{"start":{"line":351,"column":4},"end":{"line":351,"column":36}},"137":{"start":{"line":353,"column":4},"end":{"line":353,"column":76}},"138":{"start":{"line":356,"column":3},"end":{"line":356,"column":17}},"139":{"start":{"line":360,"column":2},"end":{"line":427,"column":3}},"140":{"start":{"line":361,"column":3},"end":{"line":361,"column":33}},"141":{"start":{"line":363,"column":3},"end":{"line":365,"column":4}},"142":{"start":{"line":364,"column":4},"end":{"line":364,"column":43}},"143":{"start":{"line":367,"column":3},"end":{"line":375,"column":4}},"144":{"start":{"line":368,"column":4},"end":{"line":368,"column":58}},"145":{"start":{"line":370,"column":4},"end":{"line":374,"column":5}},"146":{"start":{"line":371,"column":5},"end":{"line":373,"column":6}},"147":{"start":{"line":372,"column":6},"end":{"line":372,"column":66}},"148":{"start":{"line":377,"column":3},"end":{"line":377,"column":23}},"149":{"start":{"line":379,"column":3},"end":{"line":384,"column":6}},"150":{"start":{"line":386,"column":3},"end":{"line":407,"column":4}},"151":{"start":{"line":388,"column":4},"end":{"line":406,"column":6}},"152":{"start":{"line":389,"column":5},"end":{"line":389,"column":36}},"153":{"start":{"line":391,"column":5},"end":{"line":403,"column":6}},"154":{"start":{"line":392,"column":6},"end":{"line":402,"column":16}},"155":{"start":{"line":393,"column":7},"end":{"line":393,"column":23}},"156":{"start":{"line":394,"column":7},"end":{"line":394,"column":53}},"157":{"start":{"line":395,"column":7},"end":{"line":395,"column":31}},"158":{"start":{"line":397,"column":7},"end":{"line":399,"column":8}},"159":{"start":{"line":398,"column":8},"end":{"line":398,"column":52}},"160":{"start":{"line":401,"column":7},"end":{"line":401,"column":63}},"161":{"start":{"line":405,"column":5},"end":{"line":405,"column":16}},"162":{"start":{"line":409,"column":3},"end":{"line":409,"column":17}},"163":{"start":{"line":411,"column":3},"end":{"line":411,"column":33}},"164":{"start":{"line":413,"column":3},"end":{"line":424,"column":5}},"165":{"start":{"line":415,"column":4},"end":{"line":419,"column":5}},"166":{"start":{"line":416,"column":5},"end":{"line":416,"column":31}},"167":{"start":{"line":418,"column":5},"end":{"line":418,"column":23}},"168":{"start":{"line":421,"column":4},"end":{"line":423,"column":5}},"169":{"start":{"line":422,"column":5},"end":{"line":422,"column":35}},"170":{"start":{"line":426,"column":3},"end":{"line":426,"column":20}},"171":{"start":{"line":430,"column":2},"end":{"line":940,"column":3}},"172":{"start":{"line":431,"column":3},"end":{"line":431,"column":87}},"173":{"start":{"line":432,"column":3},"end":{"line":432,"column":31}},"174":{"start":{"line":435,"column":3},"end":{"line":437,"column":5}},"175":{"start":{"line":436,"column":4},"end":{"line":436,"column":22}},"176":{"start":{"line":439,"column":3},"end":{"line":449,"column":4}},"177":{"start":{"line":441,"column":4},"end":{"line":448,"column":5}},"178":{"start":{"line":442,"column":5},"end":{"line":442,"column":25}},"179":{"start":{"line":443,"column":5},"end":{"line":447,"column":6}},"180":{"start":{"line":444,"column":6},"end":{"line":444,"column":33}},"181":{"start":{"line":446,"column":6},"end":{"line":446,"column":32}},"182":{"start":{"line":451,"column":3},"end":{"line":451,"column":51}},"183":{"start":{"line":452,"column":3},"end":{"line":452,"column":30}},"184":{"start":{"line":453,"column":3},"end":{"line":453,"column":42}},"185":{"start":{"line":454,"column":3},"end":{"line":454,"column":42}},"186":{"start":{"line":455,"column":3},"end":{"line":455,"column":37}},"187":{"start":{"line":457,"column":3},"end":{"line":469,"column":4}},"188":{"start":{"line":458,"column":4},"end":{"line":458,"column":43}},"189":{"start":{"line":459,"column":4},"end":{"line":459,"column":26}},"190":{"start":{"line":460,"column":4},"end":{"line":464,"column":5}},"191":{"start":{"line":461,"column":5},"end":{"line":461,"column":27}},"192":{"start":{"line":463,"column":5},"end":{"line":463,"column":12}},"193":{"start":{"line":467,"column":4},"end":{"line":467,"column":85}},"194":{"start":{"line":468,"column":4},"end":{"line":468,"column":69}},"195":{"start":{"line":470,"column":3},"end":{"line":470,"column":15}},"196":{"start":{"line":473,"column":3},"end":{"line":508,"column":5}},"197":{"start":{"line":483,"column":5},"end":{"line":483,"column":60}},"198":{"start":{"line":485,"column":5},"end":{"line":485,"column":36}},"199":{"start":{"line"
[...]
:0,"149":0,"151":0,"152":0,"153":0,"155":0,"158":0,"167":0,"169":0,"171":0,"172":0,"174":0,"178":0,"179":0,"181":0,"184":0,"186":0,"187":0,"190":0,"191":0,"193":0,"194":0,"196":0,"197":0,"201":0,"202":0,"204":0,"208":0,"209":0,"210":0,"212":0,"215":0,"217":0,"218":0,"221":0,"222":0,"223":0,"225":0,"228":0,"230":0,"231":0,"232":0,"236":0,"237":0,"238":0,"243":0,"244":0,"246":0,"247":0,"250":0,"251":0,"255":0,"256":0,"257":0,"259":0,"263":0,"264":0,"266":0,"267":0,"271":0,"272":0,"274":0,"275":0,"277":0,"281":0,"282":0,"284":0,"285":0,"287":0,"295":0,"296":0,"298":0,"299":0,"300":0,"301":0,"303":0,"305":0,"306":0,"310":0,"313":0,"314":0,"315":0,"319":0,"322":0,"323":0,"326":0,"329":0,"332":0,"333":0,"337":0,"339":0,"342":1,"343":0,"344":0,"345":0,"346":0,"348":0,"350":0,"351":0,"353":0,"356":0,"360":1,"361":0,"363":0,"364":0,"367":0,"368":0,"370":0,"371":0,"372":0,"377":0,"379":0,"386":0,"388":0,"389":0,"391":0,"392":0,"393":0,"394":0,"395":0,"397":0,"398":0,"401":0,"405":0,"409":0,"411":0,"413":0,"415":0,"416":0,"418":0,"421":0,"422":0,"426":0,"430":1,"431":0,"432":0,"435":0,"436":0,"439":0,"441":0,"442":0,"443":0,"444":0,"446":0,"451":0,"452":0,"453":0,"454":0,"455":0,"457":0,"458":0,"459":0,"460":0,"461":0,"463":0,"467":0,"468":0,"470":0,"473":0,"483":0,"485":0,"486":0,"488":0,"489":0,"490":0,"494":0,"495":0,"496":0,"497":0,"500":0,"501":0,"504":0,"505":0,"510":0,"512":0,"513":0,"515":0,"516":0,"519":0,"520":0,"521":0,"523":0,"525":0,"528":0,"529":0,"531":0,"535":0,"536":0,"537":0,"538":0,"539":0,"540":0,"541":0,"542":0,"543":0,"548":0,"549":0,"551":1,"559":0,"562":0,"563":0,"564":0,"568":0,"571":0,"572":0,"575":0,"576":0,"579":0,"580":0,"583":0,"587":0,"588":0,"590":0,"591":0,"592":0,"596":1,"598":0,"604":0,"605":0,"606":0,"608":0,"609":0,"613":0,"614":0,"621":0,"622":0,"623":0,"628":1,"629":0,"630":0,"632":0,"633":0,"634":0,"638":0,"639":0,"640":0,"641":0,"643":0,"648":0,"650":0,"651":0,"652":0,"653":0,"655":0,"656":0,"660":0,"668":0,"670":0,"673":0,"674":0,"676":0,"679":0,"681":0,"682":0,"686":0,"688":0,"693":0,"694":0,"695":0,"696":0,"698":0,"700":0,"704":0,"705":0,"707":0,"710":0,"712":1,"713":0,"714":0,"717":0,"718":0,"719":0,"720":0,"722":0,"723":0,"724":0,"726":0,"728":0,"729":0,"730":0,"732":0,"735":0,"737":0,"738":0,"742":0,"743":0,"745":0,"748":0,"750":0,"751":0,"752":0,"755":0,"757":0,"759":0,"760":0,"763":0,"764":0,"766":0,"774":0,"776":0,"777":0,"778":0,"779":0,"781":0,"782":0,"784":0,"787":0,"788":0,"789":0,"792":0,"793":0,"795":0,"797":0,"799":0,"800":0,"802":0,"803":0,"805":0,"807":0,"808":0,"810":0,"811":0,"812":0,"813":0,"817":0,"818":0,"821":0,"822":0,"825":0,"826":0,"830":0,"831":0,"832":0,"835":0,"836":0,"837":0,"840":0,"841":0,"845":0,"846":0,"847":0,"850":0,"852":0,"853":0,"856":0,"857":0,"858":0,"860":0,"861":0,"863":0,"864":0,"865":0,"869":0,"870":0,"873":0,"874":0,"877":0,"878":0,"881":0,"882":0,"883":0,"887":0,"888":0,"889":0,"891":0,"893":0,"897":0,"898":0,"899":0,"900":0,"901":0,"904":0,"907":0,"909":0,"911":0,"914":0,"916":0,"920":0,"921":0,"922":0,"925":0,"926":0,"928":0,"929":0,"930":0,"931":0,"932":0,"936":0,"939":0,"958":0,"959":0,"960":0,"966":0,"967":0,"971":0,"972":0,"975":0,"976":0,"978":0,"979":0,"980":0,"981":0,"984":0,"988":0,"990":0,"993":0,"994":0,"1000":0,"1003":0,"1009":1,"1011":0,"1013":0,"1014":0,"1015":0,"1019":1,"1021":0,"1022":0,"1024":0,"1026":0,"1028":0,"1029":0,"1031":0,"1034":0,"1036":0,"1038":0,"1039":0,"1040":0,"1041":0,"1043":0,"1044":0,"1046":0,"1047":0,"1050":0,"1051":0,"1055":0,"1056":0,"1062":0,"1063":0,"1077":0,"1078":0,"1080":0,"1081":0,"1084":0,"1085":0,"1086":0,"1087":0,"1089":0,"1090":0,"1095":0,"1096":0,"1097":0,"1098":0,"1102":0,"1103":0,"1106":0,"1107":0,"1110":0,"1112":0,"1113":0,"1114":0,"1115":0,"1116":0,"1119":0,"1121":0,"1122":0,"1123":0,"1125":0,"1128":0,"1129":0,"1130":0,"1131":0,"1133":0,"1134":0,"1137":0,"1138":0,"1139":0,"1142":0,"1144":0,"1145":0,"1146":0,"1150":0,"1153":0,"1154":0,"1155":0,"1157":0,"1161":0,"1163":0,"1165":0,"1167":0,"1168":0,"1169":0,"1173":0,"1180":0,"1182":0,"1189":0,"1190":0,"1192":0,"1193":0,"1195":0,"1196":0,"1199":0,"1201":0,"1202":0,"1203":0,"1206":0,"1207":0,"1212":0,"1253":0,"1254":0,"1255":0,"1256":0,"1258":0,"1259":0,"1262":0,"1263":0,"1265":0,"1269":0,"1275":0,"1276":0,"1278":0,"1279":0,"1283":0,"1288":0,"1291":0,"1292":0,"1294":0,"1295":0,"1298":0,"1299":0,"1300":0,"1302":0,"1303":0,"1305":0,"1306":0,"1308":0,"1309":0,"1312":0,"1313":0,"1316":0,"1320":0,"1323":0,"1334":0,"1335":0,"1336":0,"1343":0,"1344":0,"1346":0,"1347":0,"1349":0,"1350":0,"1352":0,"1353":0,"1355":0,"1356":0,"1358":0,"1359":0,"1360":0,"1362":0,"1365":0,"1370":0,"1372":0,"1389":0,"1390":0,"1391":0,"1392":0,"1394":0,"1396":0,"1400":0,"1402":0,"1406":0,"1408":0,"1409":0,"1410":0,"1412":0,"1415":0,"1418":0,"1421":0,"1422":0,"1423":0,"1424":0,"1426":0,"1430":0,"1433":0,"1434":0,"1436":0,"1437":0,"1440":0,"1442":0,"1447":0,"1448":0,"1451":0,"1454":0,"1456":0,"1464":0,"1465":0,"1466":0,"1469":0,"1470":0,"1478":0,"1479":0,"1480":0,"1483":0,"1484":0,"1486":0,"1487":0,"1489":0,"1490":0,"1492":0,"1494":0,"1497":0,"1503":0,"1506":1,"1507":0,"1508":0,"1511":0,"1513":0,"1514":0,"1516":0,"1517":0}},"/home/travis/build/npmtest/node-npmtest-jquery-form/node_modules/jquery-form/.eslintrc.js":{"path":"/home/travis/build/npmtest/node-npmtest-jquery-form/node_modules/jquery-form/.eslintrc.js","s":{"1":1},"b":{},"f":{},"fnMap":{},"statementMap":{"1":{"start":{"line":1,"column":0},"end":{"line":359,"column":2}}},"branchMap":{},"code":["module.exports = {","\t\"env\": {","\t\t\"browser\": true,","\t\t\"jquery\": true,","\t\t\"node\": true,","\t\t\"amd\": true","\t},","\t\"parserOptions\": {","\t\t\"ecmaVersion\": 5,","\t\t\"sourceType\": \"script\"","\t},","\t\"extends\": \"eslint:recommended\",","\t\"rules\": {","\t\t\"array-bracket-spacing\": [","\t\t\t\"warn\",","\t\t\t\"never\"","\t\t],","\t\t\"array-callback-return\": \"warn\",","\t\t\"arrow-body-style\": \"error\",","\t\t\"arrow-parens\": \"error\",","\t\t\"arrow-spacing\": \"error\",","\t\t\"block-scoped-var\": \"warn\",","\t\t\"block-spacing\": [","\t\t\t\"warn\",","\t\t\t\"always\"","\t\t],","\t\t\"brace-style\":  [","\t\t\t\"error\",","\t\t\t\"1tbs\"","\t\t],","\t\t\"callback-return\": \"error\",","\t\t\"camelcase\": [","\t\t\t\"warn\",","\t\t\t{ \"properties\": \"always\" }","\t\t],","\t\t\"capitalized-comments\": \"off\",","\t\t\"class-methods-use-this\": \"error\",","\t\t\"comma-dangle\": [","\t\t\t\"error\",","\t\t\t\"never\"","\t\t],","\t\t\"comma-spacing\": \"error\",","\t\t\"comma-style\": \"error\",","\t\t\"complexity\": [","\t\t\t\"warn\",","\t\t\t20","\t\t],","\t\t\"computed-property-spacing\": \"error\",","\t\t\"consistent-return\": \"error\",","\t\t\"consistent-this\": [","\t\t\t\"error\",","\t\t\t\"that\",","\t\t\t\"outerThis\",","\t\t\t\"self\"","\t\t],","\t\t\"curly\": \"error\",","\t\t\"default-case\": \"error\",","\t\t\"dot-location\": [","\t\t\t\"error\",","\t\t\t\"property\"","\t\t],","\t\t\"dot-notation\": \"error\",","\t\t\"eol-last\": \"error\",","\t\t\"eqeqeq\": \"error\",","\t\t\"func-call-spacing\": \"error\",","\t\t\"func-name-matching\": \"error\",","\t\t\"func-names\": \"off\",","\t\t\"func-style\": \"off\",","\t\t\"generator-star-spacing\": \"error\",","\t\t\"global-require\": \"error\",","\t\t\"guard-for-in\": \"warn\",","\t\t\"handle-callback-err\": \"error\",","\t\t\"id-blacklist\": \"error\",","\t\t\"id-length\": [","\t\t\t\"warn\",","\t\t\t{ \"exceptions\": [\"$\",\"e\",\"i\",\"j\"] }","\t\t],","\t\t\"id-match\": \"error\",","\t\t\"indent\": [","\t\t\t\"error\",","\t\t\t\"tab\"","\t\t],","\t\t\"init-declarations\": \"off\",","\t\t\"jsx-quotes\": \"error\",","\t\t\"key-spacing\": [","\t\t\t\"warn\", {","\t\t\t\t\"singleLine\": {","\t\t\t\t\t\"beforeColon\": false,","\t\t\t\t\t\"afterColon\": true","\t\t\t\t},","\t\t\t\t\"multiLine\": {","\t\t\t\t\t\"beforeColon\": true,","\t\t\t\t\t\"afterColon\": true,","\t\t\t\t\t\"align\": \"colon\"","\t\t\t\t}","\t\t\t}","\t\t],","\t\t\"keyword-spacing\": \"error\",","\t\t\"line-comment-position\": \"off\",","\t\t\"linebreak-style\": [","\t\t\t\"warn\",","\t\t\t\"unix\"","\t\t],","\t\t\"lines-around-comment\": \"off\",","\t\t\"lines-around-directive\": \"off\",","\t\t\"max-depth\": \"warn\",","\t\t\"max-len\": \"off\",","\t\t\"max-lines\": \"off\",","\t\t\"max-nested-callbacks\": \"error\",","\t\t\"max-params\": [","\t\t\t\"warn\",","\t\t\t{ \"max\": 4 }","\t\t],","\t\t\"max-statements\": [","\t\t\t\"warn\",","\t\t\t{ \"max\": 20 }","\t\t],","\t\t\"max-statements-per-line\": [","\t\t\t\"error\",","\t\t\t{ \"max\": 2 }","\t\t],","\t\t\"multiline-ternary\": [","\t\t\t\"error\",","\t\t\t\"never\"","\t\t],","\t\t\"new-parens\": \"error\",","\t\t\"newline-after-var\": \"warn\",","\t\t\"newline-before-return\": \"error\",","\t\t\"newline-per-chained-call\": [","\t\t\t\"warn\",","\t\t\t{ \"ignoreChainWithDepth\": 3 }","\t\t],","\t\t\"no-alert\": \"error\",","\t\t\"no-array-constructor\": \"error\",","\t\t\"no-await-in-loop\": \"error\",","\t\t\"no-bitwise\": \"error\",","\t\t\"no-caller\": \"error\",","\t\t\"no-catch-shadow\": \"warn\",","\t\t\"no-compare-neg-zero\": \"error\",","\t\t\"no-confusing-arrow\": \"error\",","\t\t\"no-continue\": \"warn\",","\t\t\"no-div-regex\": \"error\",","\t\t\"no-duplicate-imports\": \"error\",","\t\t\"no-else-return\": \"error\",","\t\t\"no-empty\": [","\t\t\t\"error\",","\t\t\t{ \"allowEmptyCatch\": true }","\t\t],","\t\t\"no-empty-function\": [","\t\t\t\"error\",","\t\t\t{ \"allow\": [\"functions\"] }","\t\t],","\t\t\"no-eq-null\": \"error\",","\t\t\"no-eval\": [","\t\t\t\"error\",","\t\t\t{ \"allowIndirect\": true }","\t\t],","\t\t\"no-extend-native\": \"error\",","\t\t\"no-extra-bind\": \"error\",","\t\t\"no-extra-label\": \"error\",","\t\t\"no-extra-parens\": [","\t\t\t\"warn\",","\t\t\t\"all\",","\t\t\t{","\t\t\t\t\"returnAssign\": false,","\t\t\t\t\"nestedBinaryExpressions\": false","\t\t\t}","\t\t],","\t\t\"no-floating-decimal\": \"error\",","\t\t\"no-global-assign\": \"error\",","\t\t\"no-implicit-globals\": \"error\",","\t\t\"no-implied-eval\": \"error\",","\t\t\"no-inline-comments\": \"off\",","\t\t\"no-inner-declarations\": [","\t\t\t\"warn\",","\t\t\t\"both\"","\t\t],","\t\t\"no-invalid-this\": \"off\",","\t\t\"no-iterator\": \"error\",","\t\t\"no-label-var\": \"error\",","\t\t\"no-labels\": \"error\",","\t\t\"no-lone-blocks\": \"error\",","\t\t\"no-lonely-if\": \"error\",","\t\t\"no-loop-func\": \"error\",","\t\t\"no-magic-numbers\": [","\t\t\t\"warn\",","\t\t\t{","\t\t\t\t\"ignore\": [0,1],","\t\t\t\t\"ignoreArrayIndexes\": true","\t\t\t}","\t\t],","\t\t\"no-mixed-operators\": \"error\",","\t\t\"no-mixed-requires\": \"error\",","\t\t\"no-multi-assign\": \"warn\",","\t\t\"no-multi-spaces\": \"error\",","\t\t\"no-multi-str\": \"error\",","\t\t\"no-multiple-empty-lines\": [","\t\t\t\"error\",","\t\t\t{","\t\t\t\tmax: 2,","\t\t\t\tmaxEOF: 1,","\t\t\t\tmaxBOF: 0","\t\t\t}","\t\t],","\t\t\"no-negated-condition\": \"warn\",","\t\t\"no-nested-ternary\": \"error\",","\t\t\"no-new\": \"error\",","\t\t\"no-new-func\": \"error\",","\t\t\"no-new-object\": \"error\",","\t\t\"no-new-require\": \"error\",","\t\t\"no-new-wrappers\": \"error\",","\t\t\"no-octal-escape\": \"error\",","\t\t\"no-param-reassign\": \"off\",","\t\t\"no-path-concat\": \"error\",","\t\t\"no-plusplus\": \"off\",","\t\t\"no-process-env\": \"error\",","\t\t\"no-process-exit\": \"error\",","\t\t\"no-proto\": \"error\",","\t\t\"no-prototype-builtins\": \"warn\",","\t\t\"no-restricted-globals\": \"error\",","\t\t\"no-restricted-imports\": \"error\",","\t\t\"no-restricted-modules\": \"error\",","\t\t\"no-restricted-properties\": \"error\",","\t\t\"no-restricted-syntax\": \"error\",","\t\t\"no-return-assign\": \"error\",","\t\t\"no-return-await\": \"error\",","\t\t\"no-script-url\": \"error\",","\t\t\"no-self-compare\": \"error\",","\t\t\"no-sequences\": \"error\",","\t\t\"no-shadow\": \"warn\",","\t\t\"no-shadow-restricted-names\": \"error\",","\t\t\"no-spaced-func\": \"error\",","\t\t\"no-sync\": \"warn\",","\t\t\"no-tabs\": \"off\",","\t\t\"no-template-curly-in-string\": \"error\",","\t\t\"no-ternary\": \"warn\",","\t\t\"no-throw-literal\": \"warn\",","\t\t\"no-trailing-spaces\": \"error\",","\t\t\"no-undef-init\": \"error\",","\t\t\"no-undefined\": \"warn\",","\t\t\"no-underscore-dangle\": \"error\",","\t\t\"no-unmodified-loop-condition\": \"error\",","\t\t\"no-unneeded-ternary\": \"error\",","\t\t\"no-unsafe-negation\": \"error\",","\t\t\"no-unused-expressions\": \"error\",","\t\t\"no-unused-vars\": [","\t\t\t\"warn\",","\t\t\t{","\t\t\t\t\"vars\": \"local\",","\t\t\t\t\"args\": \"none\"","\t\t\t}","\t\t],","\t\t\"no-use-before-define\": [","\t\t\t\"error\",","\t\t\t{","\t\t\t\t\"functions\": false","\t\t\t}","\t\t],","\t\t\"no-useless-call\": \"error\",","\t\t\"no-useless-computed-key\": \"error\",","\t\t\"no-useless-concat\": \"error\",","\t\t\"no-useless-constructor\": \"error\",","\t\t\"no-useless-escape\": \"error\",","\t\t\"no-useless-rename\": \"error\",","\t\t\"no-useless-return\": \"error\",","\t\t\"no-var\": \"off\",","\t\t\"no-void\": \"error\",","\t\t\"no-warning-comments\": \"warn\",","\t\t\"no-whitespace-before-property\": \"error\",","\t\t\"no-with\": \"error\",","\t\t\"nonblock-statement-body-position\": \"error\",","\t\t\"object-curly-newline\": \"error\",","\t\t\"object-curly-spacing\": [","\t\t\t\"error\",","\t\t\t\"never\",","\t\t\t{","\t\t\t\t\"arraysInObjects\": true,","\t\t\t\t\"objectsInObjects\": true","\t\t\t}","\t\t],","\t\t\"object-property-newline\": [","\t\t\t\"error\",","\t\t\t{","\t\t\t\t\"allowMultiplePropertiesPerLine\": true","\t\t\t}","\t\t],","\t\t\"object-shorthand\": [","\t\t\t\"warn\",","\t\t\t\"consistent\"","\t\t],","\t\t\"one-var\": \"off\",","\t\t\"one-var-declaration-per-line\": \"off\",","\t\t\"operator-assignment\": [","\t\t\t\"error\",","\t\t\t\"always\"","\t\t],","\t\t\"operator-linebreak\": \"error\",","\t\t\"padded-blocks\": \"off\",","\t\t\"prefer-arrow-callback\": \"off\",","\t\t\"prefer-const\": \"error\",","\t\t\"prefer-destructuring\": \"off\",","\t\t\"prefer-numeric-literals\": \"off\",","\t\t\"prefer-promise-reject-errors\": \"error\",","\t\t\"prefer-rest-params\": \"off\",","\t\t\"prefer-spread\": \"off\",","\t\t\"prefer-template\": \"off\",","\t\t\"quote-props\": [","\t\t\t\"warn\",","\t\t\t\"consistent-as-needed\"","\t\t],","\t\t\"quotes\": [","\t\t\t\"error\",","\t\t\t\"single\",","\t\t\t{","\t\t\t\t\"avoidEscape\": true,","\t\t\t\t\"allowTemplateLiterals\": true","\t\t\t}","\t\t],","\t\t\"radix\": \"error\",","\t\t\"require-await\": \"error\",","\t\t\"require-jsdoc\": \"off\",","\t\t\"rest-spread-spacing\": \"error\",","\t\t\"semi\": \"error\",","\t\t\"semi-spacing\": \"error\",","\t\t\"sort-imports\": \"error\",","\t\t\"sort-keys\": \"warn\",","\t\t\"sort-vars\": \"warn\",","\t\t\"space-before-blocks\": \"warn\",","\t\t\"space-before-function-paren\": \"off\",","\t\t\"space-in-parens\": \"warn\",","\t\t\"space-infix-ops\": \"error\",","\t\t\"space-unary-ops\": \"error\",","\t\t\"spaced-comment\": [\"error\", \"always\", {","\t\t\t\"line\": {","\t\t\t\t\"markers\": [\"/\"],","\t\t\t\t\"exceptions\": [\"-\", \"+\"]","\t\t\t},","\t\t\t\"block\": {","\t\t\t\t\"markers\": [\"!\"],","\t\t\t\t\"exceptions\": [\"*\"],","\t\t\t\t\"balanced\": true","\t\t\t}","\t\t}],","\t\t\"strict\": [","\t\t\t\"warn\",","\t\t\t\"function\"","\t\t],","\t\t\"symbol-description\": \"off\",","\t\t\"template-curly-spacing\": \"error\",","\t\t\"template-tag-spacing\": \"error\",","\t\t\"unicode-bom\": \"error\",","\t\t\"valid-jsdoc\": \"warn\",","\t\t\"vars-on-top\": \"warn\",","\t\t\"wrap-iife\": \"error\",","\t\t\"wrap-regex\": \"off\",","\t\t\"yield-star-spacing\": \"error\",","\t\t\"yoda\": \"error\"","\t}","};",""],"l":{"1":1}},"/home/travis/build/npmtest/node-npmtest-jquery-form/node_modules/jquery-form/Gruntfile.js":{"path":"/home/travis/build/npmtest/node-npmtest-jquery-form/node_modules/jquery-form/Gruntfile.js","s":{"1":1,"2":0,"3":0,"4":0,"5":0,"6":0,"7":0,"8":0,"9":0,"10":0},"b":{},"f":{"1":0},"fnMap":{"1":{"name":"(anonymous_1)","line":1,"loc":{"start":{"line":1,"column":17},"end":{"line":1,"column":33}}}},"statementMap":{"1":{"start":{"line":1,"column":0},"end":{"line":67,"column":2}},"2":{"start":{"line":2,"column":1},"end":{"line":54,"column":4}},"3":{"start":{"line":57,"column":1},"end":{"line":57,"column":44}},"4":{"start":{"line":58,"column":1},"end":{"line":58,"column":35}},"5":{"start":{"line":59,"column":1},"end":{"line":59,"column":36}},"6":{"start":{"line":60,"column":1},"end":{"line":60,"column":38}},"7":{"start":{"line":63,"column":1},"end":{"line":63,"column":42}},"8":{"start":{"line":64,"column":1},"end":{"line":64,"column":49}},"9":{"start":{"line":65,"column":1},"end":{"line":65,"column":46}},"10":{"start":{"line":66,"column":1},"end":{"line":66,"column":53}}},"branchMap":{},"code":["module.exports = function(grunt) {","\tgrunt.initConfig({","\t\tpkg: grunt.file.readJSON('package.json'),","\t\tmeta: {","\t\t\tbanner: '/*! <%= pkg.name %> <%= grunt.template.today(\"yyyy-mm-dd HH:MM:ss\") %> */'","\t\t},","","\t\tgithooks: {","\t\t\toptions: {","\t\t\t\thashbang: '#!/bin/sh',","\t\t\t\ttemplate: 'install/template/shell.hb',","\t\t\t\tstartMarker: '# GRUNT-GITHOOKS START',","\t\t\t\tendMarker: '# GRUNT-GITHOOKS END'","\t\t\t},","\t\t\tall: {","\t\t\t\t'pre-commit': 'pre-commit'","\t\t\t}","\t\t},","","\t\teslint: {","\t\t\toptions: {","\t\t\t\tquiet: true","\t\t\t},","\t\t\ttarget: ['src/**/*.js']","\t\t},","","\t\tmocha: {","\t\t\tall: {","\t\t\t\tsrc: ['test/*.html'],","\t\t\t},","\t\t\toptions: {","\t\t\t\trun: true","\t\t\t}","\t\t},","","\t\t// Minifies JS files","\t\tuglify: {","\t\t\toptions: {","\t\t\t\tpreserveComments: /^!|@preserve|@license|@cc_on/i,","\t\t\t\tsourceMap: true,","\t\t\t\tfooter: '\\n'","\t\t\t},","\t\t\tdist: {","\t\t\t\tfiles: [{","\t\t\t\t\texpand:\ttrue,","\t\t\t\t\tcwd:\t'src',","\t\t\t\t\tsrc:\t['*.js','!*.min.js'],","\t\t\t\t\tdest:\t'dist',","\t\t\t\t\text:\t'.min.js',","\t\t\t\t\textDot:\t'last'","\t\t\t\t}]","\t\t\t}","\t\t}","\t});","","\t// Load tasks","\tgrunt.loadNpmTasks('grunt-contrib-uglify');","\tgrunt.loadNpmTasks('grunt-mocha');","\tgrunt.loadNpmTasks('grunt-eslint');","\tgrunt.loadNpmTasks('grunt-githooks');","","\t// Default task.","\tgrunt.registerTask('lint', [ 'eslint' ]);","\tgrunt.registerTask('test', [ 'lint', 'mocha' ]);","\tgrunt.registerTask('pre-commit', [ 'test' ]);","\tgrunt.registerTask('default', [ 'test', 'uglify' ]);","};",""],"l":{"1":1,"2":0,"57":0,"58":0,"59":0,"60":0,"63":0,"64":0,"65":0,"66":0}},"/home/travis/build/npmtest/node-npmtest-jquery-form/node_modules/jquery-form/gulpfile.js":{"path":"/home/travis/build/npmtest/node-npmtest-jquery-form/node_modules/jquery-form/gulpfile.js","s":{"1":2,"2":0,"3":0,"4":0,"5":0},"b":{},"f":{"1":0,"2":0},"fnMap":{"1":{"name":"(anonymous_1)","line":7,"loc":{"start":{"line":7,"column":21},"end":{"line":7,"column":32}}},"2":{"name":"(anonymous_2)","line":16,"loc":{"start":{"line":16,"column":19},"end":{"line":16,"column":31}}}},"statementMap":{"1":{"start":{"line":2,"column":0},"end":{"line":5,"column":34}},"2":{"start":{"line":7,"column":0},"end":{"line":14,"column":3}},"3":{"start":{"line":8,"column":2},"end":{"line":13,"column":26}},"4":{"start":{"line":16,"column":0},"end":{"line":18,"column":3}},"5":{"start":{"line":17,"column":2},"end":{"line":17,"column":48}}},"branchMap":{},"code":["/* buildfile for jquery.form plugin */","var gulp = require('gulp'),","  concat = require('gulp-concat'),","  jshint = require('gulp-jshint'),","  uglify = require('gulp-uglify');","","gulp.task('default', function() {","  gulp.src(['src/jquery.form.js'])","    .pipe(jshint())","    .pipe(jshint.reporter('default'))","    .pipe(uglify({ preserveComments: 'some' }))","    .pipe(concat('dist/jquery.form.min.js'))","    .pipe(gulp.dest('.'));","});","","gulp.task('watch', function () {","  gulp.watch('src/jquery.form.js', ['default']);","});",""],"l":{"2":2,"7":0,"8":0,"16":0,"17":0}}}